{"/home/tuyizere/Documents/GitHub/e-commerce-backend/src/app.js":{"path":"/home/tuyizere/Documents/GitHub/e-commerce-backend/src/app.js","statementMap":{"0":{"start":{"line":3,"column":0},"end":{"line":5,"column":3}},"1":{"start":{"line":6,"column":0},"end":{"line":6,"column":28}},"2":{"start":{"line":7,"column":15},"end":{"line":7,"column":57}},"3":{"start":{"line":8,"column":14},"end":{"line":8,"column":55}},"4":{"start":{"line":9,"column":12},"end":{"line":9,"column":51}},"5":{"start":{"line":10,"column":18},"end":{"line":10,"column":64}},"6":{"start":{"line":11,"column":14},"end":{"line":11,"column":55}},"7":{"start":{"line":12,"column":13},"end":{"line":12,"column":63}},"8":{"start":{"line":13,"column":39},"end":{"line":13,"column":95}},"9":{"start":{"line":14,"column":0},"end":{"line":14,"column":28}},"10":{"start":{"line":15,"column":10},"end":{"line":15,"column":36}},"11":{"start":{"line":16,"column":11},"end":{"line":16,"column":27}},"12":{"start":{"line":17,"column":0},"end":{"line":17,"column":36}},"13":{"start":{"line":18,"column":0},"end":{"line":20,"column":4}},"14":{"start":{"line":21,"column":0},"end":{"line":21,"column":41}},"15":{"start":{"line":22,"column":0},"end":{"line":22,"column":33}},"16":{"start":{"line":23,"column":0},"end":{"line":23,"column":27}},"17":{"start":{"line":24,"column":0},"end":{"line":24,"column":67}},"18":{"start":{"line":25,"column":15},"end":{"line":25,"column":18}},"19":{"start":{"line":26,"column":0},"end":{"line":26,"column":30}}},"fnMap":{"0":{"name":"_interopRequireDefault","decl":{"start":{"line":13,"column":9},"end":{"line":13,"column":31}},"loc":{"start":{"line":13,"column":37},"end":{"line":13,"column":97}},"line":13}},"branchMap":{"0":{"loc":{"start":{"line":13,"column":46},"end":{"line":13,"column":94}},"type":"cond-expr","locations":[{"start":{"line":13,"column":70},"end":{"line":13,"column":73}},{"start":{"line":13,"column":76},"end":{"line":13,"column":94}}],"line":13},"1":{"loc":{"start":{"line":13,"column":46},"end":{"line":13,"column":67}},"type":"binary-expr","locations":[{"start":{"line":13,"column":46},"end":{"line":13,"column":49}},{"start":{"line":13,"column":53},"end":{"line":13,"column":67}}],"line":13}},"s":{"0":1,"1":1,"2":1,"3":1,"4":1,"5":1,"6":1,"7":1,"8":6,"9":1,"10":1,"11":1,"12":1,"13":1,"14":1,"15":1,"16":1,"17":1,"18":1,"19":1},"f":{"0":6},"b":{"0":[1,5],"1":[6,6]},"inputSourceMap":{"version":3,"names":["dotenv","config","app","express","PORT","process","env","use","json","bodyParser","urlencoded","extended","morgan","cors","routes","listen","console","log"],"sourceRoot":"/home/tuyizere/Documents/GitHub/e-commerce-backend/src/","sources":["app.js"],"sourcesContent":["import express from \"express\";\nimport dotenv from 'dotenv'\nimport cors from 'cors'\nimport bodyParser from \"body-parser\";\nimport morgan from \"morgan\";\nimport routes from './routers/index'\n\ndotenv.config();\n\nconst app = express();\nconst PORT = process.env.PORT;\n\napp.use(express.json());\napp.use(bodyParser.urlencoded({extended:false}));\napp.use(morgan(\"tiny\"));\napp.use(cors());\napp.use(routes)\n\napp.listen(PORT,console.log(`Server Listening on ${PORT}`));\n\nexport default app"],"mappings":";;;;;;AAAA;AACA;AACA;AACA;AACA;AACA;AAAoC;AAEpCA,kBAAM,CAACC,MAAM,EAAE;AAEf,IAAMC,GAAG,GAAG,IAAAC,mBAAO,GAAE;AACrB,IAAMC,IAAI,GAAGC,OAAO,CAACC,GAAG,CAACF,IAAI;AAE7BF,GAAG,CAACK,GAAG,CAACJ,mBAAO,CAACK,IAAI,EAAE,CAAC;AACvBN,GAAG,CAACK,GAAG,CAACE,sBAAU,CAACC,UAAU,CAAC;EAACC,QAAQ,EAAC;AAAK,CAAC,CAAC,CAAC;AAChDT,GAAG,CAACK,GAAG,CAAC,IAAAK,kBAAM,EAAC,MAAM,CAAC,CAAC;AACvBV,GAAG,CAACK,GAAG,CAAC,IAAAM,gBAAI,GAAE,CAAC;AACfX,GAAG,CAACK,GAAG,CAACO,iBAAM,CAAC;AAEfZ,GAAG,CAACa,MAAM,CAACX,IAAI,EAACY,OAAO,CAACC,GAAG,+BAAwBb,IAAI,EAAG,CAAC;AAAC,eAE7CF,GAAG;AAAA"},"_coverageSchema":"1a1c01bbd47fc00a2c39e90264f33305004495a9","hash":"c5269e5a59eb62162bfc6e8362300a2e425e60c6","contentHash":"c6fe772f9dc477dd404c506759b048fc251d4cc5da87641b009a648ac5a05376"},"/home/tuyizere/Documents/GitHub/e-commerce-backend/src/routers/index.js":{"path":"/home/tuyizere/Documents/GitHub/e-commerce-backend/src/routers/index.js","statementMap":{"0":{"start":{"line":3,"column":0},"end":{"line":5,"column":3}},"1":{"start":{"line":6,"column":0},"end":{"line":6,"column":28}},"2":{"start":{"line":7,"column":15},"end":{"line":7,"column":57}},"3":{"start":{"line":8,"column":12},"end":{"line":8,"column":59}},"4":{"start":{"line":9,"column":39},"end":{"line":9,"column":95}},"5":{"start":{"line":10,"column":13},"end":{"line":10,"column":39}},"6":{"start":{"line":11,"column":0},"end":{"line":15,"column":3}},"7":{"start":{"line":12,"column":2},"end":{"line":14,"column":5}},"8":{"start":{"line":16,"column":0},"end":{"line":16,"column":46}},"9":{"start":{"line":17,"column":0},"end":{"line":21,"column":3}},"10":{"start":{"line":18,"column":2},"end":{"line":20,"column":5}},"11":{"start":{"line":22,"column":15},"end":{"line":22,"column":21}},"12":{"start":{"line":23,"column":0},"end":{"line":23,"column":30}}},"fnMap":{"0":{"name":"_interopRequireDefault","decl":{"start":{"line":9,"column":9},"end":{"line":9,"column":31}},"loc":{"start":{"line":9,"column":37},"end":{"line":9,"column":97}},"line":9},"1":{"name":"(anonymous_1)","decl":{"start":{"line":11,"column":16},"end":{"line":11,"column":17}},"loc":{"start":{"line":11,"column":36},"end":{"line":15,"column":1}},"line":11},"2":{"name":"(anonymous_2)","decl":{"start":{"line":17,"column":16},"end":{"line":17,"column":17}},"loc":{"start":{"line":17,"column":36},"end":{"line":21,"column":1}},"line":17}},"branchMap":{"0":{"loc":{"start":{"line":9,"column":46},"end":{"line":9,"column":94}},"type":"cond-expr","locations":[{"start":{"line":9,"column":70},"end":{"line":9,"column":73}},{"start":{"line":9,"column":76},"end":{"line":9,"column":94}}],"line":9},"1":{"loc":{"start":{"line":9,"column":46},"end":{"line":9,"column":67}},"type":"binary-expr","locations":[{"start":{"line":9,"column":46},"end":{"line":9,"column":49}},{"start":{"line":9,"column":53},"end":{"line":9,"column":67}}],"line":9}},"s":{"0":1,"1":1,"2":1,"3":1,"4":2,"5":1,"6":1,"7":1,"8":1,"9":1,"10":0,"11":1,"12":1},"f":{"0":2,"1":1,"2":0},"b":{"0":[1,1],"1":[2,2]},"inputSourceMap":{"version":3,"names":["routes","express","get","req","res","status","json","message","use","userRouters"],"sourceRoot":"/home/tuyizere/Documents/GitHub/e-commerce-backend/src/routers/","sources":["index.js"],"sourcesContent":["import express from \"express\";\nimport userRouters from \"./user.route\";\n\nconst routes = express();\n\nroutes.get(\"/\", (req, res) => {\n  res.status(200).json({\n    message: \"This is SBG BACKEND\",\n  });\n});\n\nroutes.use(\"/api/v1/users\", userRouters);\n\nroutes.get(\"*\", (req, res) => {\n  res.status(404).json({\n    message: \"Page not found, try again\",\n  });\n});\n\nexport default routes;\n"],"mappings":";;;;;;AAAA;AACA;AAAuC;AAEvC,IAAMA,MAAM,GAAG,IAAAC,mBAAO,GAAE;AAExBD,MAAM,CAACE,GAAG,CAAC,GAAG,EAAE,UAACC,GAAG,EAAEC,GAAG,EAAK;EAC5BA,GAAG,CAACC,MAAM,CAAC,GAAG,CAAC,CAACC,IAAI,CAAC;IACnBC,OAAO,EAAE;EACX,CAAC,CAAC;AACJ,CAAC,CAAC;AAEFP,MAAM,CAACQ,GAAG,CAAC,eAAe,EAAEC,gBAAW,CAAC;AAExCT,MAAM,CAACE,GAAG,CAAC,GAAG,EAAE,UAACC,GAAG,EAAEC,GAAG,EAAK;EAC5BA,GAAG,CAACC,MAAM,CAAC,GAAG,CAAC,CAACC,IAAI,CAAC;IACnBC,OAAO,EAAE;EACX,CAAC,CAAC;AACJ,CAAC,CAAC;AAAC,eAEYP,MAAM;AAAA"},"_coverageSchema":"1a1c01bbd47fc00a2c39e90264f33305004495a9","hash":"8a9cc2b9c775d3c239fcfb40fa35727580dade3a","contentHash":"80a08be502dff245463005ab7a12fc1022af0b2303a7b9faa133a07c37d4b477"},"/home/tuyizere/Documents/GitHub/e-commerce-backend/src/routers/user.route.js":{"path":"/home/tuyizere/Documents/GitHub/e-commerce-backend/src/routers/user.route.js","statementMap":{"0":{"start":{"line":3,"column":0},"end":{"line":5,"column":3}},"1":{"start":{"line":6,"column":0},"end":{"line":6,"column":28}},"2":{"start":{"line":7,"column":15},"end":{"line":7,"column":57}},"3":{"start":{"line":8,"column":12},"end":{"line":8,"column":77}},"4":{"start":{"line":9,"column":13},"end":{"line":9,"column":55}},"5":{"start":{"line":10,"column":13},"end":{"line":10,"column":53}},"6":{"start":{"line":11,"column":39},"end":{"line":11,"column":95}},"7":{"start":{"line":12,"column":13},"end":{"line":12,"column":39}},"8":{"start":{"line":13,"column":0},"end":{"line":13,"column":109}},"9":{"start":{"line":14,"column":0},"end":{"line":14,"column":92}},"10":{"start":{"line":15,"column":15},"end":{"line":15,"column":21}},"11":{"start":{"line":16,"column":0},"end":{"line":16,"column":30}}},"fnMap":{"0":{"name":"_interopRequireDefault","decl":{"start":{"line":11,"column":9},"end":{"line":11,"column":31}},"loc":{"start":{"line":11,"column":37},"end":{"line":11,"column":97}},"line":11}},"branchMap":{"0":{"loc":{"start":{"line":11,"column":46},"end":{"line":11,"column":94}},"type":"cond-expr","locations":[{"start":{"line":11,"column":70},"end":{"line":11,"column":73}},{"start":{"line":11,"column":76},"end":{"line":11,"column":94}}],"line":11},"1":{"loc":{"start":{"line":11,"column":46},"end":{"line":11,"column":67}},"type":"binary-expr","locations":[{"start":{"line":11,"column":46},"end":{"line":11,"column":49}},{"start":{"line":11,"column":53},"end":{"line":11,"column":67}}],"line":11}},"s":{"0":1,"1":1,"2":1,"3":1,"4":1,"5":1,"6":2,"7":1,"8":1,"9":1,"10":1,"11":1},"f":{"0":2},"b":{"0":[1,1],"1":[2,2]},"inputSourceMap":{"version":3,"names":["router","express","post","userValidation","checkUserExistByPhone","userController","registerUser","checkUserExist","login"],"sourceRoot":"/home/tuyizere/Documents/GitHub/e-commerce-backend/src/routers/","sources":["user.route.js"],"sourcesContent":["import express from \"express\";\nimport userController from \"../controllers/user.controller\";\nimport { userValidation } from \"../validations/user.validations\";\nimport {\n  checkUserExistByPhone,\n  checkUserExist,\n} from \"../middleware/user.middleware\";\n\nconst router = express();\n\nrouter.post(\n  \"/register\",\n  userValidation,\n  checkUserExistByPhone,\n  userController.registerUser\n);\nrouter.post(\"/login\", userValidation, checkUserExist, userController.login);\n\nexport default router;\n"],"mappings":";;;;;;AAAA;AACA;AACA;AACA;AAGuC;AAEvC,IAAMA,MAAM,GAAG,IAAAC,mBAAO,GAAE;AAExBD,MAAM,CAACE,IAAI,CACT,WAAW,EACXC,qBAAc,EACdC,4BAAqB,EACrBC,gBAAc,CAACC,YAAY,CAC5B;AACDN,MAAM,CAACE,IAAI,CAAC,QAAQ,EAAEC,qBAAc,EAAEI,qBAAc,EAAEF,gBAAc,CAACG,KAAK,CAAC;AAAC,eAE7DR,MAAM;AAAA"},"_coverageSchema":"1a1c01bbd47fc00a2c39e90264f33305004495a9","hash":"9ca4615bb7df1d8b38ab13bf489b85adc2054238","contentHash":"c00375551ac70a0f0e114d2000e7847500a1ab24cfe2ef0b5b94789eb2c3bf0f"},"/home/tuyizere/Documents/GitHub/e-commerce-backend/src/controllers/user.controller.js":{"path":"/home/tuyizere/Documents/GitHub/e-commerce-backend/src/controllers/user.controller.js","statementMap":{"0":{"start":{"line":3,"column":51},"end":{"line":3,"column":334}},"1":{"start":{"line":3,"column":153},"end":{"line":3,"column":171}},"2":{"start":{"line":3,"column":193},"end":{"line":3,"column":317}},"3":{"start":{"line":4,"column":0},"end":{"line":6,"column":3}},"4":{"start":{"line":7,"column":0},"end":{"line":7,"column":54}},"5":{"start":{"line":8,"column":12},"end":{"line":8,"column":48}},"6":{"start":{"line":9,"column":16},"end":{"line":9,"column":59}},"7":{"start":{"line":10,"column":12},"end":{"line":10,"column":48}},"8":{"start":{"line":11,"column":13},"end":{"line":11,"column":37}},"9":{"start":{"line":12,"column":39},"end":{"line":12,"column":95}},"10":{"start":{"line":13,"column":196},"end":{"line":13,"column":269}},"11":{"start":{"line":13,"column":251},"end":{"line":13,"column":266}},"12":{"start":{"line":13,"column":284},"end":{"line":13,"column":286}},"13":{"start":{"line":13,"column":293},"end":{"line":13,"column":309}},"14":{"start":{"line":13,"column":320},"end":{"line":13,"column":337}},"15":{"start":{"line":13,"column":356},"end":{"line":13,"column":433}},"16":{"start":{"line":13,"column":409},"end":{"line":13,"column":431}},"17":{"start":{"line":13,"column":445},"end":{"line":13,"column":486}},"18":{"start":{"line":13,"column":505},"end":{"line":13,"column":537}},"19":{"start":{"line":13,"column":561},"end":{"line":13,"column":603}},"20":{"start":{"line":13,"column":625},"end":{"line":13,"column":663}},"21":{"start":{"line":13,"column":700},"end":{"line":13,"column":815}},"22":{"start":{"line":13,"column":818},"end":{"line":13,"column":929}},"23":{"start":{"line":13,"column":824},"end":{"line":13,"column":839}},"24":{"start":{"line":13,"column":856},"end":{"line":13,"column":927}},"25":{"start":{"line":13,"column":900},"end":{"line":13,"column":924}},"26":{"start":{"line":13,"column":1004},"end":{"line":13,"column":1075}},"27":{"start":{"line":13,"column":1089},"end":{"line":13,"column":1128}},"28":{"start":{"line":13,"column":1140},"end":{"line":13,"column":1170}},"29":{"start":{"line":13,"column":1172},"end":{"line":13,"column":1280}},"30":{"start":{"line":13,"column":1317},"end":{"line":13,"column":1427}},"31":{"start":{"line":13,"column":1323},"end":{"line":13,"column":1373}},"32":{"start":{"line":13,"column":1390},"end":{"line":13,"column":1425}},"33":{"start":{"line":13,"column":1430},"end":{"line":13,"column":1450}},"34":{"start":{"line":13,"column":1474},"end":{"line":13,"column":1476}},"35":{"start":{"line":13,"column":1599},"end":{"line":13,"column":1601}},"36":{"start":{"line":13,"column":1603},"end":{"line":13,"column":1675}},"37":{"start":{"line":13,"column":1659},"end":{"line":13,"column":1671}},"38":{"start":{"line":13,"column":1691},"end":{"line":13,"column":1712}},"39":{"start":{"line":13,"column":1740},"end":{"line":13,"column":1782}},"40":{"start":{"line":13,"column":1784},"end":{"line":13,"column":1947}},"41":{"start":{"line":13,"column":1957},"end":{"line":13,"column":2050}},"42":{"start":{"line":13,"column":2096},"end":{"line":13,"column":2236}},"43":{"start":{"line":13,"column":2152},"end":{"line":13,"column":2232}},"44":{"start":{"line":13,"column":2195},"end":{"line":13,"column":2228}},"45":{"start":{"line":13,"column":2349},"end":{"line":13,"column":2392}},"46":{"start":{"line":13,"column":2394},"end":{"line":13,"column":2886}},"47":{"start":{"line":13,"column":2438},"end":{"line":13,"column":2448}},"48":{"start":{"line":13,"column":2458},"end":{"line":13,"column":2470}},"49":{"start":{"line":13,"column":2472},"end":{"line":13,"column":2884}},"50":{"start":{"line":13,"column":2609},"end":{"line":13,"column":2648}},"51":{"start":{"line":13,"column":2669},"end":{"line":13,"column":2707}},"52":{"start":{"line":13,"column":2768},"end":{"line":13,"column":2810}},"53":{"start":{"line":13,"column":2833},"end":{"line":13,"column":2880}},"54":{"start":{"line":13,"column":2887},"end":{"line":13,"column":2906}},"55":{"start":{"line":13,"column":2930},"end":{"line":13,"column":3294}},"56":{"start":{"line":13,"column":3041},"end":{"line":13,"column":3134}},"57":{"start":{"line":13,"column":3093},"end":{"line":13,"column":3130}},"58":{"start":{"line":13,"column":3137},"end":{"line":13,"column":3288}},"59":{"start":{"line":13,"column":3361},"end":{"line":13,"column":3377}},"60":{"start":{"line":13,"column":3379},"end":{"line":13,"column":4499}},"61":{"start":{"line":13,"column":3411},"end":{"line":13,"column":3486}},"62":{"start":{"line":13,"column":3438},"end":{"line":13,"column":3486}},"63":{"start":{"line":13,"column":3487},"end":{"line":13,"column":3573}},"64":{"start":{"line":13,"column":3516},"end":{"line":13,"column":3550}},"65":{"start":{"line":13,"column":3540},"end":{"line":13,"column":3550}},"66":{"start":{"line":13,"column":3551},"end":{"line":13,"column":3571}},"67":{"start":{"line":13,"column":3574},"end":{"line":13,"column":4496}},"68":{"start":{"line":13,"column":3642},"end":{"line":13,"column":3658}},"69":{"start":{"line":13,"column":3660},"end":{"line":13,"column":3836}},"70":{"start":{"line":13,"column":3697},"end":{"line":13,"column":3735}},"71":{"start":{"line":13,"column":3737},"end":{"line":13,"column":3834}},"72":{"start":{"line":13,"column":3759},"end":{"line":13,"column":3809}},"73":{"start":{"line":13,"column":3800},"end":{"line":13,"column":3809}},"74":{"start":{"line":13,"column":3810},"end":{"line":13,"column":3832}},"75":{"start":{"line":13,"column":3837},"end":{"line":13,"column":4138}},"76":{"start":{"line":13,"column":3868},"end":{"line":13,"column":3911}},"77":{"start":{"line":13,"column":3916},"end":{"line":13,"column":4138}},"78":{"start":{"line":13,"column":3950},"end":{"line":13,"column":4021}},"79":{"start":{"line":13,"column":3982},"end":{"line":13,"column":4021}},"80":{"start":{"line":13,"column":4022},"end":{"line":13,"column":4061}},"81":{"start":{"line":13,"column":4069},"end":{"line":13,"column":4138}},"82":{"start":{"line":13,"column":4139},"end":{"line":13,"column":4159}},"83":{"start":{"line":13,"column":4173},"end":{"line":13,"column":4205}},"84":{"start":{"line":13,"column":4207},"end":{"line":13,"column":4392}},"85":{"start":{"line":13,"column":4239},"end":{"line":13,"column":4340}},"86":{"start":{"line":13,"column":4331},"end":{"line":13,"column":4340}},"87":{"start":{"line":13,"column":4341},"end":{"line":13,"column":4390}},"88":{"start":{"line":13,"column":4393},"end":{"line":13,"column":4494}},"89":{"start":{"line":13,"column":4565},"end":{"line":13,"column":4598}},"90":{"start":{"line":13,"column":4600},"end":{"line":13,"column":5002}},"91":{"start":{"line":13,"column":4628},"end":{"line":13,"column":4975}},"92":{"start":{"line":13,"column":4687},"end":{"line":13,"column":4868}},"93":{"start":{"line":13,"column":4844},"end":{"line":13,"column":4868}},"94":{"start":{"line":13,"column":4869},"end":{"line":13,"column":4973}},"95":{"start":{"line":13,"column":4976},"end":{"line":13,"column":5000}},"96":{"start":{"line":13,"column":5016},"end":{"line":13,"column":5064}},"97":{"start":{"line":13,"column":5066},"end":{"line":13,"column":5196}},"98":{"start":{"line":13,"column":5095},"end":{"line":13,"column":5196}},"99":{"start":{"line":13,"column":5208},"end":{"line":13,"column":5218}},"100":{"start":{"line":13,"column":5220},"end":{"line":13,"column":5593}},"101":{"start":{"line":13,"column":5638},"end":{"line":13,"column":5657}},"102":{"start":{"line":13,"column":5659},"end":{"line":13,"column":5797}},"103":{"start":{"line":13,"column":5845},"end":{"line":13,"column":5867}},"104":{"start":{"line":13,"column":5869},"end":{"line":13,"column":5938}},"105":{"start":{"line":13,"column":5973},"end":{"line":13,"column":6069}},"106":{"start":{"line":13,"column":6100},"end":{"line":13,"column":6550}},"107":{"start":{"line":13,"column":6137},"end":{"line":13,"column":6161}},"108":{"start":{"line":13,"column":6163},"end":{"line":13,"column":6220}},"109":{"start":{"line":13,"column":6183},"end":{"line":13,"column":6220}},"110":{"start":{"line":13,"column":6221},"end":{"line":13,"column":6277}},"111":{"start":{"line":13,"column":6261},"end":{"line":13,"column":6277}},"112":{"start":{"line":13,"column":6278},"end":{"line":13,"column":6548}},"113":{"start":{"line":13,"column":6317},"end":{"line":13,"column":6319}},"114":{"start":{"line":13,"column":6328},"end":{"line":13,"column":6520}},"115":{"start":{"line":13,"column":6346},"end":{"line":13,"column":6465}},"116":{"start":{"line":13,"column":6379},"end":{"line":13,"column":6463}},"117":{"start":{"line":13,"column":6409},"end":{"line":13,"column":6463}},"118":{"start":{"line":13,"column":6466},"end":{"line":13,"column":6518}},"119":{"start":{"line":13,"column":6522},"end":{"line":13,"column":6546}},"120":{"start":{"line":13,"column":6551},"end":{"line":13,"column":6579}},"121":{"start":{"line":13,"column":6606},"end":{"line":13,"column":6644}},"122":{"start":{"line":13,"column":6647},"end":{"line":13,"column":12080}},"123":{"start":{"line":13,"column":7080},"end":{"line":13,"column":7129}},"124":{"start":{"line":13,"column":7131},"end":{"line":13,"column":7236}},"125":{"start":{"line":13,"column":7275},"end":{"line":13,"column":7516}},"126":{"start":{"line":13,"column":7553},"end":{"line":13,"column":7577}},"127":{"start":{"line":13,"column":7696},"end":{"line":13,"column":7708}},"128":{"start":{"line":13,"column":7830},"end":{"line":13,"column":7880}},"129":{"start":{"line":13,"column":7892},"end":{"line":13,"column":7965}},"130":{"start":{"line":13,"column":7967},"end":{"line":13,"column":8109}},"131":{"start":{"line":13,"column":8057},"end":{"line":13,"column":8105}},"132":{"start":{"line":13,"column":8225},"end":{"line":13,"column":8237}},"133":{"start":{"line":13,"column":8279},"end":{"line":13,"column":8307}},"134":{"start":{"line":13,"column":8357},"end":{"line":13,"column":8368}},"135":{"start":{"line":13,"column":8377},"end":{"line":13,"column":8379}},"136":{"start":{"line":13,"column":8381},"end":{"line":13,"column":8424}},"137":{"start":{"line":13,"column":8407},"end":{"line":13,"column":8422}},"138":{"start":{"line":13,"column":8425},"end":{"line":13,"column":8610}},"139":{"start":{"line":13,"column":8466},"end":{"line":13,"column":8578}},"140":{"start":{"line":13,"column":8499},"end":{"line":13,"column":8509}},"141":{"start":{"line":13,"column":8511},"end":{"line":13,"column":8576}},"142":{"start":{"line":13,"column":8530},"end":{"line":13,"column":8576}},"143":{"start":{"line":13,"column":8579},"end":{"line":13,"column":8607}},"144":{"start":{"line":13,"column":8722},"end":{"line":13,"column":9061}},"145":{"start":{"line":13,"column":8930},"end":{"line":13,"column":9061}},"146":{"start":{"line":13,"column":8955},"end":{"line":13,"column":9059}},"147":{"start":{"line":13,"column":9089},"end":{"line":13,"column":9104}},"148":{"start":{"line":13,"column":9122},"end":{"line":13,"column":9151}},"149":{"start":{"line":13,"column":9153},"end":{"line":13,"column":9207}},"150":{"start":{"line":13,"column":9186},"end":{"line":13,"column":9207}},"151":{"start":{"line":13,"column":9208},"end":{"line":13,"column":9225}},"152":{"start":{"line":13,"column":9288},"end":{"line":13,"column":9319}},"153":{"start":{"line":13,"column":9303},"end":{"line":13,"column":9319}},"154":{"start":{"line":13,"column":9334},"end":{"line":13,"column":9338}},"155":{"start":{"line":13,"column":9371},"end":{"line":13,"column":9516}},"156":{"start":{"line":13,"column":9519},"end":{"line":13,"column":10223}},"157":{"start":{"line":13,"column":9532},"end":{"line":13,"column":9558}},"158":{"start":{"line":13,"column":9587},"end":{"line":13,"column":9605}},"159":{"start":{"line":13,"column":9616},"end":{"line":13,"column":9632}},"160":{"start":{"line":13,"column":9634},"end":{"line":13,"column":9684}},"161":{"start":{"line":13,"column":9663},"end":{"line":13,"column":9684}},"162":{"start":{"line":13,"column":9685},"end":{"line":13,"column":10221}},"163":{"start":{"line":13,"column":9733},"end":{"line":13,"column":9763}},"164":{"start":{"line":13,"column":9778},"end":{"line":13,"column":9810}},"165":{"start":{"line":13,"column":9812},"end":{"line":13,"column":10219}},"166":{"start":{"line":13,"column":9842},"end":{"line":13,"column":9908}},"167":{"start":{"line":13,"column":9874},"end":{"line":13,"column":9908}},"168":{"start":{"line":13,"column":9909},"end":{"line":13,"column":9975}},"169":{"start":{"line":13,"column":9943},"end":{"line":13,"column":9975}},"170":{"start":{"line":13,"column":9983},"end":{"line":13,"column":10219}},"171":{"start":{"line":13,"column":9999},"end":{"line":13,"column":10065}},"172":{"start":{"line":13,"column":10031},"end":{"line":13,"column":10065}},"173":{"start":{"line":13,"column":10075},"end":{"line":13,"column":10150}},"174":{"start":{"line":13,"column":10092},"end":{"line":13,"column":10150}},"175":{"start":{"line":13,"column":10151},"end":{"line":13,"column":10217}},"176":{"start":{"line":13,"column":10185},"end":{"line":13,"column":10217}},"177":{"start":{"line":13,"column":10264},"end":{"line":13,"column":10489}},"178":{"start":{"line":13,"column":10277},"end":{"line":13,"column":10303}},"179":{"start":{"line":13,"column":10332},"end":{"line":13,"column":10350}},"180":{"start":{"line":13,"column":10352},"end":{"line":13,"column":10487}},"181":{"start":{"line":13,"column":10472},"end":{"line":13,"column":10477}},"182":{"start":{"line":13,"column":10479},"end":{"line":13,"column":10485}},"183":{"start":{"line":13,"column":10490},"end":{"line":13,"column":10637}},"184":{"start":{"line":13,"column":10651},"end":{"line":13,"column":10694}},"185":{"start":{"line":13,"column":10696},"end":{"line":13,"column":10858}},"186":{"start":{"line":13,"column":10910},"end":{"line":13,"column":10956}},"187":{"start":{"line":13,"column":10939},"end":{"line":13,"column":10956}},"188":{"start":{"line":13,"column":10957},"end":{"line":13,"column":11234}},"189":{"start":{"line":13,"column":11276},"end":{"line":13,"column":11498}},"190":{"start":{"line":13,"column":11289},"end":{"line":13,"column":11315}},"191":{"start":{"line":13,"column":11344},"end":{"line":13,"column":11362}},"192":{"start":{"line":13,"column":11364},"end":{"line":13,"column":11496}},"193":{"start":{"line":13,"column":11401},"end":{"line":13,"column":11496}},"194":{"start":{"line":13,"column":11537},"end":{"line":13,"column":11785}},"195":{"start":{"line":13,"column":11550},"end":{"line":13,"column":11576}},"196":{"start":{"line":13,"column":11605},"end":{"line":13,"column":11623}},"197":{"start":{"line":13,"column":11625},"end":{"line":13,"column":11783}},"198":{"start":{"line":13,"column":11669},"end":{"line":13,"column":11685}},"199":{"start":{"line":13,"column":11687},"end":{"line":13,"column":11766}},"200":{"start":{"line":13,"column":11731},"end":{"line":13,"column":11741}},"201":{"start":{"line":13,"column":11743},"end":{"line":13,"column":11764}},"202":{"start":{"line":13,"column":11767},"end":{"line":13,"column":11781}},"203":{"start":{"line":13,"column":11786},"end":{"line":13,"column":11827}},"204":{"start":{"line":13,"column":11902},"end":{"line":13,"column":12066}},"205":{"start":{"line":14,"column":77},"end":{"line":14,"column":175}},"206":{"start":{"line":14,"column":94},"end":{"line":14,"column":107}},"207":{"start":{"line":14,"column":121},"end":{"line":14,"column":131}},"208":{"start":{"line":14,"column":151},"end":{"line":14,"column":165}},"209":{"start":{"line":14,"column":166},"end":{"line":14,"column":173}},"210":{"start":{"line":14,"column":176},"end":{"line":14,"column":263}},"211":{"start":{"line":14,"column":193},"end":{"line":14,"column":208}},"212":{"start":{"line":14,"column":218},"end":{"line":14,"column":261}},"213":{"start":{"line":15,"column":33},"end":{"line":15,"column":387}},"214":{"start":{"line":15,"column":65},"end":{"line":15,"column":69}},"215":{"start":{"line":15,"column":78},"end":{"line":15,"column":87}},"216":{"start":{"line":15,"column":89},"end":{"line":15,"column":384}},"217":{"start":{"line":15,"column":147},"end":{"line":15,"column":167}},"218":{"start":{"line":15,"column":193},"end":{"line":15,"column":264}},"219":{"start":{"line":15,"column":290},"end":{"line":15,"column":360}},"220":{"start":{"line":15,"column":363},"end":{"line":15,"column":380}},"221":{"start":{"line":16,"column":50},"end":{"line":16,"column":151}},"222":{"start":{"line":16,"column":92},"end":{"line":16,"column":149}},"223":{"start":{"line":17,"column":44},"end":{"line":17,"column":315}},"224":{"start":{"line":17,"column":57},"end":{"line":17,"column":58}},"225":{"start":{"line":17,"column":102},"end":{"line":17,"column":110}},"226":{"start":{"line":17,"column":112},"end":{"line":17,"column":167}},"227":{"start":{"line":17,"column":168},"end":{"line":17,"column":199}},"228":{"start":{"line":17,"column":200},"end":{"line":17,"column":254}},"229":{"start":{"line":17,"column":227},"end":{"line":17,"column":254}},"230":{"start":{"line":17,"column":255},"end":{"line":17,"column":313}},"231":{"start":{"line":18,"column":62},"end":{"line":18,"column":131}},"232":{"start":{"line":18,"column":78},"end":{"line":18,"column":131}},"233":{"start":{"line":18,"column":132},"end":{"line":18,"column":193}},"234":{"start":{"line":18,"column":149},"end":{"line":18,"column":193}},"235":{"start":{"line":18,"column":194},"end":{"line":18,"column":263}},"236":{"start":{"line":18,"column":264},"end":{"line":18,"column":283}},"237":{"start":{"line":19,"column":35},"end":{"line":130,"column":3}},"238":{"start":{"line":21,"column":4},"end":{"line":21,"column":43}},"239":{"start":{"line":23,"column":2},"end":{"line":128,"column":6}},"240":{"start":{"line":26,"column":26},"end":{"line":69,"column":9}},"241":{"start":{"line":28,"column":8},"end":{"line":68,"column":37}},"242":{"start":{"line":29,"column":10},"end":{"line":67,"column":11}},"243":{"start":{"line":30,"column":12},"end":{"line":66,"column":13}},"244":{"start":{"line":32,"column":16},"end":{"line":32,"column":34}},"245":{"start":{"line":33,"column":16},"end":{"line":33,"column":34}},"246":{"start":{"line":34,"column":16},"end":{"line":34,"column":72}},"247":{"start":{"line":36,"column":16},"end":{"line":36,"column":41}},"248":{"start":{"line":37,"column":16},"end":{"line":37,"column":34}},"249":{"start":{"line":38,"column":16},"end":{"line":38,"column":44}},"250":{"start":{"line":40,"column":16},"end":{"line":40,"column":37}},"251":{"start":{"line":41,"column":16},"end":{"line":47,"column":18}},"252":{"start":{"line":48,"column":16},"end":{"line":48,"column":35}},"253":{"start":{"line":49,"column":16},"end":{"line":49,"column":54}},"254":{"start":{"line":51,"column":16},"end":{"line":51,"column":37}},"255":{"start":{"line":52,"column":16},"end":{"line":55,"column":20}},"256":{"start":{"line":57,"column":16},"end":{"line":57,"column":35}},"257":{"start":{"line":58,"column":16},"end":{"line":58,"column":51}},"258":{"start":{"line":59,"column":16},"end":{"line":62,"column":20}},"259":{"start":{"line":65,"column":16},"end":{"line":65,"column":39}},"260":{"start":{"line":71,"column":8},"end":{"line":71,"column":52}},"261":{"start":{"line":73,"column":6},"end":{"line":73,"column":26}},"262":{"start":{"line":78,"column":19},"end":{"line":122,"column":9}},"263":{"start":{"line":80,"column":8},"end":{"line":121,"column":37}},"264":{"start":{"line":81,"column":10},"end":{"line":120,"column":11}},"265":{"start":{"line":82,"column":12},"end":{"line":119,"column":13}},"266":{"start":{"line":84,"column":16},"end":{"line":84,"column":35}},"267":{"start":{"line":85,"column":16},"end":{"line":85,"column":45}},"268":{"start":{"line":86,"column":16},"end":{"line":86,"column":32}},"269":{"start":{"line":87,"column":16},"end":{"line":90,"column":17}},"270":{"start":{"line":88,"column":18},"end":{"line":88,"column":37}},"271":{"start":{"line":89,"column":18},"end":{"line":89,"column":24}},"272":{"start":{"line":91,"column":16},"end":{"line":93,"column":20}},"273":{"start":{"line":95,"column":16},"end":{"line":98,"column":19}},"274":{"start":{"line":99,"column":16},"end":{"line":108,"column":20}},"275":{"start":{"line":110,"column":16},"end":{"line":110,"column":35}},"276":{"start":{"line":111,"column":16},"end":{"line":111,"column":53}},"277":{"start":{"line":112,"column":16},"end":{"line":115,"column":19}},"278":{"start":{"line":118,"column":16},"end":{"line":118,"column":40}},"279":{"start":{"line":124,"column":8},"end":{"line":124,"column":45}},"280":{"start":{"line":126,"column":6},"end":{"line":126,"column":19}},"281":{"start":{"line":129,"column":2},"end":{"line":129,"column":25}},"282":{"start":{"line":131,"column":0},"end":{"line":131,"column":42}},"283":{"start":{"line":132,"column":21},"end":{"line":132,"column":42}},"284":{"start":{"line":133,"column":15},"end":{"line":133,"column":29}},"285":{"start":{"line":134,"column":0},"end":{"line":134,"column":30}}},"fnMap":{"0":{"name":"_typeof","decl":{"start":{"line":3,"column":9},"end":{"line":3,"column":16}},"loc":{"start":{"line":3,"column":22},"end":{"line":3,"column":336}},"line":3},"1":{"name":"(anonymous_1)","decl":{"start":{"line":3,"column":136},"end":{"line":3,"column":137}},"loc":{"start":{"line":3,"column":151},"end":{"line":3,"column":173}},"line":3},"2":{"name":"(anonymous_2)","decl":{"start":{"line":3,"column":176},"end":{"line":3,"column":177}},"loc":{"start":{"line":3,"column":191},"end":{"line":3,"column":319}},"line":3},"3":{"name":"_interopRequireDefault","decl":{"start":{"line":12,"column":9},"end":{"line":12,"column":31}},"loc":{"start":{"line":12,"column":37},"end":{"line":12,"column":97}},"line":12},"4":{"name":"_regeneratorRuntime","decl":{"start":{"line":13,"column":9},"end":{"line":13,"column":28}},"loc":{"start":{"line":13,"column":31},"end":{"line":13,"column":12082}},"line":13},"5":{"name":"_regeneratorRuntime","decl":{"start":{"line":13,"column":227},"end":{"line":13,"column":246}},"loc":{"start":{"line":13,"column":249},"end":{"line":13,"column":268}},"line":13},"6":{"name":"(anonymous_6)","decl":{"start":{"line":13,"column":381},"end":{"line":13,"column":382}},"loc":{"start":{"line":13,"column":407},"end":{"line":13,"column":433}},"line":13},"7":{"name":"define","decl":{"start":{"line":13,"column":674},"end":{"line":13,"column":680}},"loc":{"start":{"line":13,"column":698},"end":{"line":13,"column":817}},"line":13},"8":{"name":"define","decl":{"start":{"line":13,"column":874},"end":{"line":13,"column":880}},"loc":{"start":{"line":13,"column":898},"end":{"line":13,"column":926}},"line":13},"9":{"name":"wrap","decl":{"start":{"line":13,"column":939},"end":{"line":13,"column":943}},"loc":{"start":{"line":13,"column":981},"end":{"line":13,"column":1282}},"line":13},"10":{"name":"tryCatch","decl":{"start":{"line":13,"column":1292},"end":{"line":13,"column":1300}},"loc":{"start":{"line":13,"column":1315},"end":{"line":13,"column":1429}},"line":13},"11":{"name":"Generator","decl":{"start":{"line":13,"column":1487},"end":{"line":13,"column":1496}},"loc":{"start":{"line":13,"column":1499},"end":{"line":13,"column":1501}},"line":13},"12":{"name":"GeneratorFunction","decl":{"start":{"line":13,"column":1511},"end":{"line":13,"column":1528}},"loc":{"start":{"line":13,"column":1531},"end":{"line":13,"column":1533}},"line":13},"13":{"name":"GeneratorFunctionPrototype","decl":{"start":{"line":13,"column":1543},"end":{"line":13,"column":1569}},"loc":{"start":{"line":13,"column":1572},"end":{"line":13,"column":1574}},"line":13},"14":{"name":"(anonymous_14)","decl":{"start":{"line":13,"column":1645},"end":{"line":13,"column":1646}},"loc":{"start":{"line":13,"column":1657},"end":{"line":13,"column":1673}},"line":13},"15":{"name":"defineIteratorMethods","decl":{"start":{"line":13,"column":2061},"end":{"line":13,"column":2082}},"loc":{"start":{"line":13,"column":2094},"end":{"line":13,"column":2238}},"line":13},"16":{"name":"(anonymous_16)","decl":{"start":{"line":13,"column":2132},"end":{"line":13,"column":2133}},"loc":{"start":{"line":13,"column":2150},"end":{"line":13,"column":2234}},"line":13},"17":{"name":"(anonymous_17)","decl":{"start":{"line":13,"column":2178},"end":{"line":13,"column":2179}},"loc":{"start":{"line":13,"column":2193},"end":{"line":13,"column":2230}},"line":13},"18":{"name":"AsyncIterator","decl":{"start":{"line":13,"column":2248},"end":{"line":13,"column":2261}},"loc":{"start":{"line":13,"column":2286},"end":{"line":13,"column":3296}},"line":13},"19":{"name":"invoke","decl":{"start":{"line":13,"column":2297},"end":{"line":13,"column":2303}},"loc":{"start":{"line":13,"column":2334},"end":{"line":13,"column":2908}},"line":13},"20":{"name":"(anonymous_20)","decl":{"start":{"line":13,"column":2590},"end":{"line":13,"column":2591}},"loc":{"start":{"line":13,"column":2607},"end":{"line":13,"column":2650}},"line":13},"21":{"name":"(anonymous_21)","decl":{"start":{"line":13,"column":2652},"end":{"line":13,"column":2653}},"loc":{"start":{"line":13,"column":2667},"end":{"line":13,"column":2709}},"line":13},"22":{"name":"(anonymous_22)","decl":{"start":{"line":13,"column":2745},"end":{"line":13,"column":2746}},"loc":{"start":{"line":13,"column":2766},"end":{"line":13,"column":2812}},"line":13},"23":{"name":"(anonymous_23)","decl":{"start":{"line":13,"column":2814},"end":{"line":13,"column":2815}},"loc":{"start":{"line":13,"column":2831},"end":{"line":13,"column":2882}},"line":13},"24":{"name":"value","decl":{"start":{"line":13,"column":2980},"end":{"line":13,"column":2985}},"loc":{"start":{"line":13,"column":2999},"end":{"line":13,"column":3290}},"line":13},"25":{"name":"callInvokeWithMethodAndArg","decl":{"start":{"line":13,"column":3010},"end":{"line":13,"column":3036}},"loc":{"start":{"line":13,"column":3039},"end":{"line":13,"column":3136}},"line":13},"26":{"name":"(anonymous_26)","decl":{"start":{"line":13,"column":3064},"end":{"line":13,"column":3065}},"loc":{"start":{"line":13,"column":3091},"end":{"line":13,"column":3132}},"line":13},"27":{"name":"makeInvokeMethod","decl":{"start":{"line":13,"column":3306},"end":{"line":13,"column":3322}},"loc":{"start":{"line":13,"column":3347},"end":{"line":13,"column":4501}},"line":13},"28":{"name":"(anonymous_28)","decl":{"start":{"line":13,"column":3386},"end":{"line":13,"column":3387}},"loc":{"start":{"line":13,"column":3409},"end":{"line":13,"column":4498}},"line":13},"29":{"name":"maybeInvokeDelegate","decl":{"start":{"line":13,"column":4511},"end":{"line":13,"column":4530}},"loc":{"start":{"line":13,"column":4550},"end":{"line":13,"column":5595}},"line":13},"30":{"name":"pushTryEntry","decl":{"start":{"line":13,"column":5605},"end":{"line":13,"column":5617}},"loc":{"start":{"line":13,"column":5624},"end":{"line":13,"column":5799}},"line":13},"31":{"name":"resetTryEntry","decl":{"start":{"line":13,"column":5809},"end":{"line":13,"column":5822}},"loc":{"start":{"line":13,"column":5830},"end":{"line":13,"column":5940}},"line":13},"32":{"name":"Context","decl":{"start":{"line":13,"column":5950},"end":{"line":13,"column":5957}},"loc":{"start":{"line":13,"column":5971},"end":{"line":13,"column":6071}},"line":13},"33":{"name":"values","decl":{"start":{"line":13,"column":6081},"end":{"line":13,"column":6087}},"loc":{"start":{"line":13,"column":6098},"end":{"line":13,"column":6581}},"line":13},"34":{"name":"next","decl":{"start":{"line":13,"column":6337},"end":{"line":13,"column":6341}},"loc":{"start":{"line":13,"column":6344},"end":{"line":13,"column":6520}},"line":13},"35":{"name":"doneResult","decl":{"start":{"line":13,"column":6591},"end":{"line":13,"column":6601}},"loc":{"start":{"line":13,"column":6604},"end":{"line":13,"column":6646}},"line":13},"36":{"name":"(anonymous_36)","decl":{"start":{"line":13,"column":7049},"end":{"line":13,"column":7050}},"loc":{"start":{"line":13,"column":7067},"end":{"line":13,"column":7238}},"line":13},"37":{"name":"(anonymous_37)","decl":{"start":{"line":13,"column":7255},"end":{"line":13,"column":7256}},"loc":{"start":{"line":13,"column":7273},"end":{"line":13,"column":7518}},"line":13},"38":{"name":"(anonymous_38)","decl":{"start":{"line":13,"column":7536},"end":{"line":13,"column":7537}},"loc":{"start":{"line":13,"column":7551},"end":{"line":13,"column":7579}},"line":13},"39":{"name":"(anonymous_39)","decl":{"start":{"line":13,"column":7682},"end":{"line":13,"column":7683}},"loc":{"start":{"line":13,"column":7694},"end":{"line":13,"column":7710}},"line":13},"40":{"name":"(anonymous_40)","decl":{"start":{"line":13,"column":7768},"end":{"line":13,"column":7769}},"loc":{"start":{"line":13,"column":7828},"end":{"line":13,"column":8111}},"line":13},"41":{"name":"(anonymous_41)","decl":{"start":{"line":13,"column":8037},"end":{"line":13,"column":8038}},"loc":{"start":{"line":13,"column":8055},"end":{"line":13,"column":8107}},"line":13},"42":{"name":"(anonymous_42)","decl":{"start":{"line":13,"column":8211},"end":{"line":13,"column":8212}},"loc":{"start":{"line":13,"column":8223},"end":{"line":13,"column":8239}},"line":13},"43":{"name":"(anonymous_43)","decl":{"start":{"line":13,"column":8265},"end":{"line":13,"column":8266}},"loc":{"start":{"line":13,"column":8277},"end":{"line":13,"column":8309}},"line":13},"44":{"name":"(anonymous_44)","decl":{"start":{"line":13,"column":8327},"end":{"line":13,"column":8328}},"loc":{"start":{"line":13,"column":8342},"end":{"line":13,"column":8612}},"line":13},"45":{"name":"next","decl":{"start":{"line":13,"column":8457},"end":{"line":13,"column":8461}},"loc":{"start":{"line":13,"column":8464},"end":{"line":13,"column":8609}},"line":13},"46":{"name":"reset","decl":{"start":{"line":13,"column":8699},"end":{"line":13,"column":8704}},"loc":{"start":{"line":13,"column":8720},"end":{"line":13,"column":9063}},"line":13},"47":{"name":"stop","decl":{"start":{"line":13,"column":9080},"end":{"line":13,"column":9084}},"loc":{"start":{"line":13,"column":9087},"end":{"line":13,"column":9227}},"line":13},"48":{"name":"dispatchException","decl":{"start":{"line":13,"column":9257},"end":{"line":13,"column":9274}},"loc":{"start":{"line":13,"column":9286},"end":{"line":13,"column":10225}},"line":13},"49":{"name":"handle","decl":{"start":{"line":13,"column":9349},"end":{"line":13,"column":9355}},"loc":{"start":{"line":13,"column":9369},"end":{"line":13,"column":9518}},"line":13},"50":{"name":"abrupt","decl":{"start":{"line":13,"column":10244},"end":{"line":13,"column":10250}},"loc":{"start":{"line":13,"column":10262},"end":{"line":13,"column":10860}},"line":13},"51":{"name":"complete","decl":{"start":{"line":13,"column":10881},"end":{"line":13,"column":10889}},"loc":{"start":{"line":13,"column":10908},"end":{"line":13,"column":11236}},"line":13},"52":{"name":"finish","decl":{"start":{"line":13,"column":11255},"end":{"line":13,"column":11261}},"loc":{"start":{"line":13,"column":11274},"end":{"line":13,"column":11500}},"line":13},"53":{"name":"_catch","decl":{"start":{"line":13,"column":11520},"end":{"line":13,"column":11526}},"loc":{"start":{"line":13,"column":11535},"end":{"line":13,"column":11829}},"line":13},"54":{"name":"delegateYield","decl":{"start":{"line":13,"column":11855},"end":{"line":13,"column":11868}},"loc":{"start":{"line":13,"column":11900},"end":{"line":13,"column":12068}},"line":13},"55":{"name":"asyncGeneratorStep","decl":{"start":{"line":14,"column":9},"end":{"line":14,"column":27}},"loc":{"start":{"line":14,"column":75},"end":{"line":14,"column":265}},"line":14},"56":{"name":"_asyncToGenerator","decl":{"start":{"line":15,"column":9},"end":{"line":15,"column":26}},"loc":{"start":{"line":15,"column":31},"end":{"line":15,"column":389}},"line":15},"57":{"name":"(anonymous_57)","decl":{"start":{"line":15,"column":40},"end":{"line":15,"column":41}},"loc":{"start":{"line":15,"column":52},"end":{"line":15,"column":386}},"line":15},"58":{"name":"(anonymous_58)","decl":{"start":{"line":15,"column":108},"end":{"line":15,"column":109}},"loc":{"start":{"line":15,"column":135},"end":{"line":15,"column":382}},"line":15},"59":{"name":"_next","decl":{"start":{"line":15,"column":178},"end":{"line":15,"column":183}},"loc":{"start":{"line":15,"column":191},"end":{"line":15,"column":266}},"line":15},"60":{"name":"_throw","decl":{"start":{"line":15,"column":276},"end":{"line":15,"column":282}},"loc":{"start":{"line":15,"column":288},"end":{"line":15,"column":362}},"line":15},"61":{"name":"_classCallCheck","decl":{"start":{"line":16,"column":9},"end":{"line":16,"column":24}},"loc":{"start":{"line":16,"column":48},"end":{"line":16,"column":153}},"line":16},"62":{"name":"_defineProperties","decl":{"start":{"line":17,"column":9},"end":{"line":17,"column":26}},"loc":{"start":{"line":17,"column":42},"end":{"line":17,"column":317}},"line":17},"63":{"name":"_createClass","decl":{"start":{"line":18,"column":9},"end":{"line":18,"column":21}},"loc":{"start":{"line":18,"column":60},"end":{"line":18,"column":285}},"line":18},"64":{"name":"(anonymous_64)","decl":{"start":{"line":19,"column":35},"end":{"line":19,"column":36}},"loc":{"start":{"line":19,"column":47},"end":{"line":130,"column":1}},"line":19},"65":{"name":"userControllers","decl":{"start":{"line":20,"column":11},"end":{"line":20,"column":26}},"loc":{"start":{"line":20,"column":29},"end":{"line":22,"column":3}},"line":20},"66":{"name":"(anonymous_66)","decl":{"start":{"line":25,"column":11},"end":{"line":25,"column":12}},"loc":{"start":{"line":25,"column":23},"end":{"line":74,"column":5}},"line":25},"67":{"name":"_callee","decl":{"start":{"line":26,"column":94},"end":{"line":26,"column":101}},"loc":{"start":{"line":26,"column":112},"end":{"line":69,"column":7}},"line":26},"68":{"name":"_callee$","decl":{"start":{"line":28,"column":51},"end":{"line":28,"column":59}},"loc":{"start":{"line":28,"column":70},"end":{"line":68,"column":9}},"line":28},"69":{"name":"registerUser","decl":{"start":{"line":70,"column":15},"end":{"line":70,"column":27}},"loc":{"start":{"line":70,"column":37},"end":{"line":72,"column":7}},"line":70},"70":{"name":"(anonymous_70)","decl":{"start":{"line":77,"column":11},"end":{"line":77,"column":12}},"loc":{"start":{"line":77,"column":23},"end":{"line":127,"column":5}},"line":77},"71":{"name":"_callee2","decl":{"start":{"line":78,"column":87},"end":{"line":78,"column":95}},"loc":{"start":{"line":78,"column":106},"end":{"line":122,"column":7}},"line":78},"72":{"name":"_callee2$","decl":{"start":{"line":80,"column":51},"end":{"line":80,"column":60}},"loc":{"start":{"line":80,"column":72},"end":{"line":121,"column":9}},"line":80},"73":{"name":"login","decl":{"start":{"line":123,"column":15},"end":{"line":123,"column":20}},"loc":{"start":{"line":123,"column":31},"end":{"line":125,"column":7}},"line":123}},"branchMap":{"0":{"loc":{"start":{"line":3,"column":68},"end":{"line":3,"column":319}},"type":"cond-expr","locations":[{"start":{"line":3,"column":136},"end":{"line":3,"column":173}},{"start":{"line":3,"column":176},"end":{"line":3,"column":319}}],"line":3},"1":{"loc":{"start":{"line":3,"column":68},"end":{"line":3,"column":133}},"type":"binary-expr","locations":[{"start":{"line":3,"column":68},"end":{"line":3,"column":95}},{"start":{"line":3,"column":99},"end":{"line":3,"column":133}}],"line":3},"2":{"loc":{"start":{"line":3,"column":200},"end":{"line":3,"column":316}},"type":"cond-expr","locations":[{"start":{"line":3,"column":295},"end":{"line":3,"column":303}},{"start":{"line":3,"column":306},"end":{"line":3,"column":316}}],"line":3},"3":{"loc":{"start":{"line":3,"column":200},"end":{"line":3,"column":292}},"type":"binary-expr","locations":[{"start":{"line":3,"column":200},"end":{"line":3,"column":203}},{"start":{"line":3,"column":207},"end":{"line":3,"column":234}},{"start":{"line":3,"column":238},"end":{"line":3,"column":264}},{"start":{"line":3,"column":268},"end":{"line":3,"column":292}}],"line":3},"4":{"loc":{"start":{"line":12,"column":46},"end":{"line":12,"column":94}},"type":"cond-expr","locations":[{"start":{"line":12,"column":70},"end":{"line":12,"column":73}},{"start":{"line":12,"column":76},"end":{"line":12,"column":94}}],"line":12},"5":{"loc":{"start":{"line":12,"column":46},"end":{"line":12,"column":67}},"type":"binary-expr","locations":[{"start":{"line":12,"column":46},"end":{"line":12,"column":49}},{"start":{"line":12,"column":53},"end":{"line":12,"column":67}}],"line":12},"6":{"loc":{"start":{"line":13,"column":356},"end":{"line":13,"column":433}},"type":"binary-expr","locations":[{"start":{"line":13,"column":356},"end":{"line":13,"column":377}},{"start":{"line":13,"column":381},"end":{"line":13,"column":433}}],"line":13},"7":{"loc":{"start":{"line":13,"column":445},"end":{"line":13,"column":486}},"type":"cond-expr","locations":[{"start":{"line":13,"column":475},"end":{"line":13,"column":481}},{"start":{"line":13,"column":484},"end":{"line":13,"column":486}}],"line":13},"8":{"loc":{"start":{"line":13,"column":505},"end":{"line":13,"column":537}},"type":"binary-expr","locations":[{"start":{"line":13,"column":505},"end":{"line":13,"column":521}},{"start":{"line":13,"column":525},"end":{"line":13,"column":537}}],"line":13},"9":{"loc":{"start":{"line":13,"column":561},"end":{"line":13,"column":603}},"type":"binary-expr","locations":[{"start":{"line":13,"column":561},"end":{"line":13,"column":582}},{"start":{"line":13,"column":586},"end":{"line":13,"column":603}}],"line":13},"10":{"loc":{"start":{"line":13,"column":625},"end":{"line":13,"column":663}},"type":"binary-expr","locations":[{"start":{"line":13,"column":625},"end":{"line":13,"column":644}},{"start":{"line":13,"column":648},"end":{"line":13,"column":663}}],"line":13},"11":{"loc":{"start":{"line":13,"column":1004},"end":{"line":13,"column":1075}},"type":"cond-expr","locations":[{"start":{"line":13,"column":1056},"end":{"line":13,"column":1063}},{"start":{"line":13,"column":1066},"end":{"line":13,"column":1075}}],"line":13},"12":{"loc":{"start":{"line":13,"column":1004},"end":{"line":13,"column":1053}},"type":"binary-expr","locations":[{"start":{"line":13,"column":1004},"end":{"line":13,"column":1011}},{"start":{"line":13,"column":1015},"end":{"line":13,"column":1053}}],"line":13},"13":{"loc":{"start":{"line":13,"column":1152},"end":{"line":13,"column":1169}},"type":"binary-expr","locations":[{"start":{"line":13,"column":1152},"end":{"line":13,"column":1163}},{"start":{"line":13,"column":1167},"end":{"line":13,"column":1169}}],"line":13},"14":{"loc":{"start":{"line":13,"column":1740},"end":{"line":13,"column":1782}},"type":"binary-expr","locations":[{"start":{"line":13,"column":1740},"end":{"line":13,"column":1748}},{"start":{"line":13,"column":1752},"end":{"line":13,"column":1782}}],"line":13},"15":{"loc":{"start":{"line":13,"column":1784},"end":{"line":13,"column":1946}},"type":"binary-expr","locations":[{"start":{"line":13,"column":1784},"end":{"line":13,"column":1807}},{"start":{"line":13,"column":1811},"end":{"line":13,"column":1841}},{"start":{"line":13,"column":1845},"end":{"line":13,"column":1897}},{"start":{"line":13,"column":1902},"end":{"line":13,"column":1945}}],"line":13},"16":{"loc":{"start":{"line":13,"column":2394},"end":{"line":13,"column":2886}},"type":"if","locations":[{"start":{"line":13,"column":2394},"end":{"line":13,"column":2886}},{"start":{"line":13,"column":2394},"end":{"line":13,"column":2886}}],"line":13},"17":{"loc":{"start":{"line":13,"column":2479},"end":{"line":13,"column":2883}},"type":"cond-expr","locations":[{"start":{"line":13,"column":2550},"end":{"line":13,"column":2710}},{"start":{"line":13,"column":2713},"end":{"line":13,"column":2883}}],"line":13},"18":{"loc":{"start":{"line":13,"column":2479},"end":{"line":13,"column":2547}},"type":"binary-expr","locations":[{"start":{"line":13,"column":2479},"end":{"line":13,"column":2484}},{"start":{"line":13,"column":2488},"end":{"line":13,"column":2514}},{"start":{"line":13,"column":2518},"end":{"line":13,"column":2547}}],"line":13},"19":{"loc":{"start":{"line":13,"column":3162},"end":{"line":13,"column":3287}},"type":"cond-expr","locations":[{"start":{"line":13,"column":3180},"end":{"line":13,"column":3256}},{"start":{"line":13,"column":3259},"end":{"line":13,"column":3287}}],"line":13},"20":{"loc":{"start":{"line":13,"column":3411},"end":{"line":13,"column":3486}},"type":"if","locations":[{"start":{"line":13,"column":3411},"end":{"line":13,"column":3486}},{"start":{"line":13,"column":3411},"end":{"line":13,"column":3486}}],"line":13},"21":{"loc":{"start":{"line":13,"column":3487},"end":{"line":13,"column":3573}},"type":"if","locations":[{"start":{"line":13,"column":3487},"end":{"line":13,"column":3573}},{"start":{"line":13,"column":3487},"end":{"line":13,"column":3573}}],"line":13},"22":{"loc":{"start":{"line":13,"column":3516},"end":{"line":13,"column":3550}},"type":"if","locations":[{"start":{"line":13,"column":3516},"end":{"line":13,"column":3550}},{"start":{"line":13,"column":3516},"end":{"line":13,"column":3550}}],"line":13},"23":{"loc":{"start":{"line":13,"column":3660},"end":{"line":13,"column":3836}},"type":"if","locations":[{"start":{"line":13,"column":3660},"end":{"line":13,"column":3836}},{"start":{"line":13,"column":3660},"end":{"line":13,"column":3836}}],"line":13},"24":{"loc":{"start":{"line":13,"column":3737},"end":{"line":13,"column":3834}},"type":"if","locations":[{"start":{"line":13,"column":3737},"end":{"line":13,"column":3834}},{"start":{"line":13,"column":3737},"end":{"line":13,"column":3834}}],"line":13},"25":{"loc":{"start":{"line":13,"column":3759},"end":{"line":13,"column":3809}},"type":"if","locations":[{"start":{"line":13,"column":3759},"end":{"line":13,"column":3809}},{"start":{"line":13,"column":3759},"end":{"line":13,"column":3809}}],"line":13},"26":{"loc":{"start":{"line":13,"column":3837},"end":{"line":13,"column":4138}},"type":"if","locations":[{"start":{"line":13,"column":3837},"end":{"line":13,"column":4138}},{"start":{"line":13,"column":3837},"end":{"line":13,"column":4138}}],"line":13},"27":{"loc":{"start":{"line":13,"column":3916},"end":{"line":13,"column":4138}},"type":"if","locations":[{"start":{"line":13,"column":3916},"end":{"line":13,"column":4138}},{"start":{"line":13,"column":3916},"end":{"line":13,"column":4138}}],"line":13},"28":{"loc":{"start":{"line":13,"column":3950},"end":{"line":13,"column":4021}},"type":"if","locations":[{"start":{"line":13,"column":3950},"end":{"line":13,"column":4021}},{"start":{"line":13,"column":3950},"end":{"line":13,"column":4021}}],"line":13},"29":{"loc":{"start":{"line":13,"column":4069},"end":{"line":13,"column":4137}},"type":"binary-expr","locations":[{"start":{"line":13,"column":4069},"end":{"line":13,"column":4096}},{"start":{"line":13,"column":4100},"end":{"line":13,"column":4137}}],"line":13},"30":{"loc":{"start":{"line":13,"column":4207},"end":{"line":13,"column":4392}},"type":"if","locations":[{"start":{"line":13,"column":4207},"end":{"line":13,"column":4392}},{"start":{"line":13,"column":4207},"end":{"line":13,"column":4392}}],"line":13},"31":{"loc":{"start":{"line":13,"column":4239},"end":{"line":13,"column":4340}},"type":"if","locations":[{"start":{"line":13,"column":4239},"end":{"line":13,"column":4340}},{"start":{"line":13,"column":4239},"end":{"line":13,"column":4340}}],"line":13},"32":{"loc":{"start":{"line":13,"column":4251},"end":{"line":13,"column":4296}},"type":"cond-expr","locations":[{"start":{"line":13,"column":4266},"end":{"line":13,"column":4277}},{"start":{"line":13,"column":4280},"end":{"line":13,"column":4296}}],"line":13},"33":{"loc":{"start":{"line":13,"column":4393},"end":{"line":13,"column":4493}},"type":"binary-expr","locations":[{"start":{"line":13,"column":4393},"end":{"line":13,"column":4416}},{"start":{"line":13,"column":4421},"end":{"line":13,"column":4492}}],"line":13},"34":{"loc":{"start":{"line":13,"column":4600},"end":{"line":13,"column":5002}},"type":"if","locations":[{"start":{"line":13,"column":4600},"end":{"line":13,"column":5002}},{"start":{"line":13,"column":4600},"end":{"line":13,"column":5002}}],"line":13},"35":{"loc":{"start":{"line":13,"column":4628},"end":{"line":13,"column":4975}},"type":"if","locations":[{"start":{"line":13,"column":4628},"end":{"line":13,"column":4975}},{"start":{"line":13,"column":4628},"end":{"line":13,"column":4975}}],"line":13},"36":{"loc":{"start":{"line":13,"column":4687},"end":{"line":13,"column":4868}},"type":"if","locations":[{"start":{"line":13,"column":4687},"end":{"line":13,"column":4868}},{"start":{"line":13,"column":4687},"end":{"line":13,"column":4868}}],"line":13},"37":{"loc":{"start":{"line":13,"column":4691},"end":{"line":13,"column":4842}},"type":"binary-expr","locations":[{"start":{"line":13,"column":4691},"end":{"line":13,"column":4718}},{"start":{"line":13,"column":4723},"end":{"line":13,"column":4841}}],"line":13},"38":{"loc":{"start":{"line":13,"column":5066},"end":{"line":13,"column":5196}},"type":"if","locations":[{"start":{"line":13,"column":5066},"end":{"line":13,"column":5196}},{"start":{"line":13,"column":5066},"end":{"line":13,"column":5196}}],"line":13},"39":{"loc":{"start":{"line":13,"column":5227},"end":{"line":13,"column":5592}},"type":"cond-expr","locations":[{"start":{"line":13,"column":5234},"end":{"line":13,"column":5455}},{"start":{"line":13,"column":5459},"end":{"line":13,"column":5591}}],"line":13},"40":{"loc":{"start":{"line":13,"column":5234},"end":{"line":13,"column":5455}},"type":"cond-expr","locations":[{"start":{"line":13,"column":5247},"end":{"line":13,"column":5447}},{"start":{"line":13,"column":5451},"end":{"line":13,"column":5455}}],"line":13},"41":{"loc":{"start":{"line":13,"column":5323},"end":{"line":13,"column":5404}},"type":"binary-expr","locations":[{"start":{"line":13,"column":5323},"end":{"line":13,"column":5350}},{"start":{"line":13,"column":5355},"end":{"line":13,"column":5403}}],"line":13},"42":{"loc":{"start":{"line":13,"column":5659},"end":{"line":13,"column":5698}},"type":"binary-expr","locations":[{"start":{"line":13,"column":5659},"end":{"line":13,"column":5668}},{"start":{"line":13,"column":5673},"end":{"line":13,"column":5697}}],"line":13},"43":{"loc":{"start":{"line":13,"column":5700},"end":{"line":13,"column":5767}},"type":"binary-expr","locations":[{"start":{"line":13,"column":5700},"end":{"line":13,"column":5709}},{"start":{"line":13,"column":5714},"end":{"line":13,"column":5766}}],"line":13},"44":{"loc":{"start":{"line":13,"column":5845},"end":{"line":13,"column":5867}},"type":"binary-expr","locations":[{"start":{"line":13,"column":5845},"end":{"line":13,"column":5861}},{"start":{"line":13,"column":5865},"end":{"line":13,"column":5867}}],"line":13},"45":{"loc":{"start":{"line":13,"column":6100},"end":{"line":13,"column":6550}},"type":"if","locations":[{"start":{"line":13,"column":6100},"end":{"line":13,"column":6550}},{"start":{"line":13,"column":6100},"end":{"line":13,"column":6550}}],"line":13},"46":{"loc":{"start":{"line":13,"column":6163},"end":{"line":13,"column":6220}},"type":"if","locations":[{"start":{"line":13,"column":6163},"end":{"line":13,"column":6220}},{"start":{"line":13,"column":6163},"end":{"line":13,"column":6220}}],"line":13},"47":{"loc":{"start":{"line":13,"column":6221},"end":{"line":13,"column":6277}},"type":"if","locations":[{"start":{"line":13,"column":6221},"end":{"line":13,"column":6277}},{"start":{"line":13,"column":6221},"end":{"line":13,"column":6277}}],"line":13},"48":{"loc":{"start":{"line":13,"column":6278},"end":{"line":13,"column":6548}},"type":"if","locations":[{"start":{"line":13,"column":6278},"end":{"line":13,"column":6548}},{"start":{"line":13,"column":6278},"end":{"line":13,"column":6548}}],"line":13},"49":{"loc":{"start":{"line":13,"column":6379},"end":{"line":13,"column":6463}},"type":"if","locations":[{"start":{"line":13,"column":6379},"end":{"line":13,"column":6463}},{"start":{"line":13,"column":6379},"end":{"line":13,"column":6463}}],"line":13},"50":{"loc":{"start":{"line":13,"column":7080},"end":{"line":13,"column":7129}},"type":"binary-expr","locations":[{"start":{"line":13,"column":7080},"end":{"line":13,"column":7107}},{"start":{"line":13,"column":7111},"end":{"line":13,"column":7129}}],"line":13},"51":{"loc":{"start":{"line":13,"column":7138},"end":{"line":13,"column":7235}},"type":"binary-expr","locations":[{"start":{"line":13,"column":7138},"end":{"line":13,"column":7144}},{"start":{"line":13,"column":7149},"end":{"line":13,"column":7175}},{"start":{"line":13,"column":7179},"end":{"line":13,"column":7234}}],"line":13},"52":{"loc":{"start":{"line":13,"column":7204},"end":{"line":13,"column":7233}},"type":"binary-expr","locations":[{"start":{"line":13,"column":7204},"end":{"line":13,"column":7220}},{"start":{"line":13,"column":7224},"end":{"line":13,"column":7233}}],"line":13},"53":{"loc":{"start":{"line":13,"column":7282},"end":{"line":13,"column":7469}},"type":"cond-expr","locations":[{"start":{"line":13,"column":7306},"end":{"line":13,"column":7363}},{"start":{"line":13,"column":7367},"end":{"line":13,"column":7468}}],"line":13},"54":{"loc":{"start":{"line":13,"column":7830},"end":{"line":13,"column":7879}},"type":"binary-expr","locations":[{"start":{"line":13,"column":7830},"end":{"line":13,"column":7852}},{"start":{"line":13,"column":7857},"end":{"line":13,"column":7878}}],"line":13},"55":{"loc":{"start":{"line":13,"column":7974},"end":{"line":13,"column":8108}},"type":"cond-expr","locations":[{"start":{"line":13,"column":8013},"end":{"line":13,"column":8017}},{"start":{"line":13,"column":8020},"end":{"line":13,"column":8108}}],"line":13},"56":{"loc":{"start":{"line":13,"column":8064},"end":{"line":13,"column":8104}},"type":"cond-expr","locations":[{"start":{"line":13,"column":8078},"end":{"line":13,"column":8090}},{"start":{"line":13,"column":8093},"end":{"line":13,"column":8104}}],"line":13},"57":{"loc":{"start":{"line":13,"column":8511},"end":{"line":13,"column":8576}},"type":"if","locations":[{"start":{"line":13,"column":8511},"end":{"line":13,"column":8576}},{"start":{"line":13,"column":8511},"end":{"line":13,"column":8576}}],"line":13},"58":{"loc":{"start":{"line":13,"column":8722},"end":{"line":13,"column":9061}},"type":"if","locations":[{"start":{"line":13,"column":8722},"end":{"line":13,"column":9061}},{"start":{"line":13,"column":8722},"end":{"line":13,"column":9061}}],"line":13},"59":{"loc":{"start":{"line":13,"column":8955},"end":{"line":13,"column":9058}},"type":"binary-expr","locations":[{"start":{"line":13,"column":8955},"end":{"line":13,"column":8977}},{"start":{"line":13,"column":8981},"end":{"line":13,"column":9004}},{"start":{"line":13,"column":9008},"end":{"line":13,"column":9030}},{"start":{"line":13,"column":9035},"end":{"line":13,"column":9057}}],"line":13},"60":{"loc":{"start":{"line":13,"column":9153},"end":{"line":13,"column":9207}},"type":"if","locations":[{"start":{"line":13,"column":9153},"end":{"line":13,"column":9207}},{"start":{"line":13,"column":9153},"end":{"line":13,"column":9207}}],"line":13},"61":{"loc":{"start":{"line":13,"column":9288},"end":{"line":13,"column":9319}},"type":"if","locations":[{"start":{"line":13,"column":9288},"end":{"line":13,"column":9319}},{"start":{"line":13,"column":9288},"end":{"line":13,"column":9319}}],"line":13},"62":{"loc":{"start":{"line":13,"column":9445},"end":{"line":13,"column":9505}},"type":"binary-expr","locations":[{"start":{"line":13,"column":9445},"end":{"line":13,"column":9451}},{"start":{"line":13,"column":9456},"end":{"line":13,"column":9504}}],"line":13},"63":{"loc":{"start":{"line":13,"column":9634},"end":{"line":13,"column":9684}},"type":"if","locations":[{"start":{"line":13,"column":9634},"end":{"line":13,"column":9684}},{"start":{"line":13,"column":9634},"end":{"line":13,"column":9684}}],"line":13},"64":{"loc":{"start":{"line":13,"column":9685},"end":{"line":13,"column":10221}},"type":"if","locations":[{"start":{"line":13,"column":9685},"end":{"line":13,"column":10221}},{"start":{"line":13,"column":9685},"end":{"line":13,"column":10221}}],"line":13},"65":{"loc":{"start":{"line":13,"column":9812},"end":{"line":13,"column":10219}},"type":"if","locations":[{"start":{"line":13,"column":9812},"end":{"line":13,"column":10219}},{"start":{"line":13,"column":9812},"end":{"line":13,"column":10219}}],"line":13},"66":{"loc":{"start":{"line":13,"column":9816},"end":{"line":13,"column":9838}},"type":"binary-expr","locations":[{"start":{"line":13,"column":9816},"end":{"line":13,"column":9824}},{"start":{"line":13,"column":9828},"end":{"line":13,"column":9838}}],"line":13},"67":{"loc":{"start":{"line":13,"column":9842},"end":{"line":13,"column":9908}},"type":"if","locations":[{"start":{"line":13,"column":9842},"end":{"line":13,"column":9908}},{"start":{"line":13,"column":9842},"end":{"line":13,"column":9908}}],"line":13},"68":{"loc":{"start":{"line":13,"column":9909},"end":{"line":13,"column":9975}},"type":"if","locations":[{"start":{"line":13,"column":9909},"end":{"line":13,"column":9975}},{"start":{"line":13,"column":9909},"end":{"line":13,"column":9975}}],"line":13},"69":{"loc":{"start":{"line":13,"column":9983},"end":{"line":13,"column":10219}},"type":"if","locations":[{"start":{"line":13,"column":9983},"end":{"line":13,"column":10219}},{"start":{"line":13,"column":9983},"end":{"line":13,"column":10219}}],"line":13},"70":{"loc":{"start":{"line":13,"column":9999},"end":{"line":13,"column":10065}},"type":"if","locations":[{"start":{"line":13,"column":9999},"end":{"line":13,"column":10065}},{"start":{"line":13,"column":9999},"end":{"line":13,"column":10065}}],"line":13},"71":{"loc":{"start":{"line":13,"column":10075},"end":{"line":13,"column":10150}},"type":"if","locations":[{"start":{"line":13,"column":10075},"end":{"line":13,"column":10150}},{"start":{"line":13,"column":10075},"end":{"line":13,"column":10150}}],"line":13},"72":{"loc":{"start":{"line":13,"column":10151},"end":{"line":13,"column":10217}},"type":"if","locations":[{"start":{"line":13,"column":10151},"end":{"line":13,"column":10217}},{"start":{"line":13,"column":10151},"end":{"line":13,"column":10217}}],"line":13},"73":{"loc":{"start":{"line":13,"column":10352},"end":{"line":13,"column":10487}},"type":"if","locations":[{"start":{"line":13,"column":10352},"end":{"line":13,"column":10487}},{"start":{"line":13,"column":10352},"end":{"line":13,"column":10487}}],"line":13},"74":{"loc":{"start":{"line":13,"column":10356},"end":{"line":13,"column":10449}},"type":"binary-expr","locations":[{"start":{"line":13,"column":10356},"end":{"line":13,"column":10381}},{"start":{"line":13,"column":10385},"end":{"line":13,"column":10417}},{"start":{"line":13,"column":10421},"end":{"line":13,"column":10449}}],"line":13},"75":{"loc":{"start":{"line":13,"column":10490},"end":{"line":13,"column":10636}},"type":"binary-expr","locations":[{"start":{"line":13,"column":10490},"end":{"line":13,"column":10502}},{"start":{"line":13,"column":10507},"end":{"line":13,"column":10523}},{"start":{"line":13,"column":10527},"end":{"line":13,"column":10546}},{"start":{"line":13,"column":10551},"end":{"line":13,"column":10577}},{"start":{"line":13,"column":10581},"end":{"line":13,"column":10611}},{"start":{"line":13,"column":10616},"end":{"line":13,"column":10635}}],"line":13},"76":{"loc":{"start":{"line":13,"column":10651},"end":{"line":13,"column":10694}},"type":"cond-expr","locations":[{"start":{"line":13,"column":10666},"end":{"line":13,"column":10689}},{"start":{"line":13,"column":10692},"end":{"line":13,"column":10694}}],"line":13},"77":{"loc":{"start":{"line":13,"column":10741},"end":{"line":13,"column":10857}},"type":"cond-expr","locations":[{"start":{"line":13,"column":10757},"end":{"line":13,"column":10832}},{"start":{"line":13,"column":10836},"end":{"line":13,"column":10857}}],"line":13},"78":{"loc":{"start":{"line":13,"column":10910},"end":{"line":13,"column":10956}},"type":"if","locations":[{"start":{"line":13,"column":10910},"end":{"line":13,"column":10956}},{"start":{"line":13,"column":10910},"end":{"line":13,"column":10956}}],"line":13},"79":{"loc":{"start":{"line":13,"column":10964},"end":{"line":13,"column":11215}},"type":"cond-expr","locations":[{"start":{"line":13,"column":11020},"end":{"line":13,"column":11042}},{"start":{"line":13,"column":11045},"end":{"line":13,"column":11215}}],"line":13},"80":{"loc":{"start":{"line":13,"column":10964},"end":{"line":13,"column":11017}},"type":"binary-expr","locations":[{"start":{"line":13,"column":10964},"end":{"line":13,"column":10987}},{"start":{"line":13,"column":10991},"end":{"line":13,"column":11017}}],"line":13},"81":{"loc":{"start":{"line":13,"column":11045},"end":{"line":13,"column":11215}},"type":"cond-expr","locations":[{"start":{"line":13,"column":11073},"end":{"line":13,"column":11149}},{"start":{"line":13,"column":11153},"end":{"line":13,"column":11215}}],"line":13},"82":{"loc":{"start":{"line":13,"column":11153},"end":{"line":13,"column":11215}},"type":"binary-expr","locations":[{"start":{"line":13,"column":11153},"end":{"line":13,"column":11177}},{"start":{"line":13,"column":11181},"end":{"line":13,"column":11189}},{"start":{"line":13,"column":11194},"end":{"line":13,"column":11214}}],"line":13},"83":{"loc":{"start":{"line":13,"column":11364},"end":{"line":13,"column":11496}},"type":"if","locations":[{"start":{"line":13,"column":11364},"end":{"line":13,"column":11496}},{"start":{"line":13,"column":11364},"end":{"line":13,"column":11496}}],"line":13},"84":{"loc":{"start":{"line":13,"column":11625},"end":{"line":13,"column":11783}},"type":"if","locations":[{"start":{"line":13,"column":11625},"end":{"line":13,"column":11783}},{"start":{"line":13,"column":11625},"end":{"line":13,"column":11783}}],"line":13},"85":{"loc":{"start":{"line":13,"column":11687},"end":{"line":13,"column":11766}},"type":"if","locations":[{"start":{"line":13,"column":11687},"end":{"line":13,"column":11766}},{"start":{"line":13,"column":11687},"end":{"line":13,"column":11766}}],"line":13},"86":{"loc":{"start":{"line":13,"column":11999},"end":{"line":13,"column":12047}},"type":"binary-expr","locations":[{"start":{"line":13,"column":11999},"end":{"line":13,"column":12021}},{"start":{"line":13,"column":12026},"end":{"line":13,"column":12046}}],"line":13},"87":{"loc":{"start":{"line":14,"column":176},"end":{"line":14,"column":263}},"type":"if","locations":[{"start":{"line":14,"column":176},"end":{"line":14,"column":263}},{"start":{"line":14,"column":176},"end":{"line":14,"column":263}}],"line":14},"88":{"loc":{"start":{"line":16,"column":50},"end":{"line":16,"column":151}},"type":"if","locations":[{"start":{"line":16,"column":50},"end":{"line":16,"column":151}},{"start":{"line":16,"column":50},"end":{"line":16,"column":151}}],"line":16},"89":{"loc":{"start":{"line":17,"column":136},"end":{"line":17,"column":166}},"type":"binary-expr","locations":[{"start":{"line":17,"column":136},"end":{"line":17,"column":157}},{"start":{"line":17,"column":161},"end":{"line":17,"column":166}}],"line":17},"90":{"loc":{"start":{"line":17,"column":200},"end":{"line":17,"column":254}},"type":"if","locations":[{"start":{"line":17,"column":200},"end":{"line":17,"column":254}},{"start":{"line":17,"column":200},"end":{"line":17,"column":254}}],"line":17},"91":{"loc":{"start":{"line":18,"column":62},"end":{"line":18,"column":131}},"type":"if","locations":[{"start":{"line":18,"column":62},"end":{"line":18,"column":131}},{"start":{"line":18,"column":62},"end":{"line":18,"column":131}}],"line":18},"92":{"loc":{"start":{"line":18,"column":132},"end":{"line":18,"column":193}},"type":"if","locations":[{"start":{"line":18,"column":132},"end":{"line":18,"column":193}},{"start":{"line":18,"column":132},"end":{"line":18,"column":193}}],"line":18},"93":{"loc":{"start":{"line":30,"column":12},"end":{"line":66,"column":13}},"type":"switch","locations":[{"start":{"line":31,"column":14},"end":{"line":34,"column":72}},{"start":{"line":35,"column":14},"end":{"line":38,"column":44}},{"start":{"line":39,"column":14},"end":{"line":49,"column":54}},{"start":{"line":50,"column":14},"end":{"line":55,"column":20}},{"start":{"line":56,"column":14},"end":{"line":62,"column":20}},{"start":{"line":63,"column":14},"end":{"line":63,"column":22}},{"start":{"line":64,"column":14},"end":{"line":65,"column":39}}],"line":30},"94":{"loc":{"start":{"line":82,"column":12},"end":{"line":119,"column":13}},"type":"switch","locations":[{"start":{"line":83,"column":14},"end":{"line":93,"column":20}},{"start":{"line":94,"column":14},"end":{"line":108,"column":20}},{"start":{"line":109,"column":14},"end":{"line":115,"column":19}},{"start":{"line":116,"column":14},"end":{"line":116,"column":22}},{"start":{"line":117,"column":14},"end":{"line":118,"column":40}}],"line":82},"95":{"loc":{"start":{"line":87,"column":16},"end":{"line":90,"column":17}},"type":"if","locations":[{"start":{"line":87,"column":16},"end":{"line":90,"column":17}},{"start":{"line":87,"column":16},"end":{"line":90,"column":17}}],"line":87}},"s":{"0":0,"1":0,"2":0,"3":1,"4":1,"5":1,"6":1,"7":1,"8":1,"9":1,"10":1,"11":1,"12":1,"13":1,"14":1,"15":1,"16":0,"17":1,"18":1,"19":1,"20":1,"21":13,"22":1,"23":1,"24":0,"25":0,"26":0,"27":0,"28":0,"29":0,"30":0,"31":0,"32":0,"33":1,"34":1,"35":1,"36":1,"37":0,"38":1,"39":1,"40":1,"41":1,"42":2,"43":6,"44":0,"45":0,"46":0,"47":0,"48":0,"49":0,"50":0,"51":0,"52":0,"53":0,"54":0,"55":0,"56":0,"57":0,"58":0,"59":0,"60":0,"61":0,"62":0,"63":0,"64":0,"65":0,"66":0,"67":0,"68":0,"69":0,"70":0,"71":0,"72":0,"73":0,"74":0,"75":0,"76":0,"77":0,"78":0,"79":0,"80":0,"81":0,"82":0,"83":0,"84":0,"85":0,"86":0,"87":0,"88":0,"89":0,"90":0,"91":0,"92":0,"93":0,"94":0,"95":0,"96":0,"97":0,"98":0,"99":0,"100":0,"101":0,"102":0,"103":0,"104":0,"105":0,"106":1,"107":1,"108":1,"109":1,"110":0,"111":0,"112":0,"113":0,"114":0,"115":0,"116":0,"117":0,"118":0,"119":0,"120":0,"121":0,"122":1,"123":0,"124":0,"125":2,"126":0,"127":0,"128":0,"129":0,"130":0,"131":0,"132":0,"133":0,"134":0,"135":0,"136":0,"137":0,"138":0,"139":0,"140":0,"141":0,"142":0,"143":0,"144":0,"145":0,"146":0,"147":0,"148":0,"149":0,"150":0,"151":0,"152":0,"153":0,"154":0,"155":0,"156":0,"157":0,"158":0,"159":0,"160":0,"161":0,"162":0,"163":0,"164":0,"165":0,"166":0,"167":0,"168":0,"169":0,"170":0,"171":0,"172":0,"173":0,"174":0,"175":0,"176":0,"177":0,"178":0,"179":0,"180":0,"181":0,"182":0,"183":0,"184":0,"185":0,"186":0,"187":0,"188":0,"189":0,"190":0,"191":0,"192":0,"193":0,"194":0,"195":0,"196":0,"197":0,"198":0,"199":0,"200":0,"201":0,"202":0,"203":0,"204":0,"205":0,"206":0,"207":0,"208":0,"209":0,"210":0,"211":0,"212":0,"213":2,"214":0,"215":0,"216":0,"217":0,"218":0,"219":0,"220":0,"221":1,"222":0,"223":1,"224":1,"225":2,"226":2,"227":2,"228":2,"229":2,"230":2,"231":1,"232":1,"233":1,"234":0,"235":1,"236":1,"237":1,"238":1,"239":1,"240":1,"241":0,"242":0,"243":0,"244":0,"245":0,"246":0,"247":0,"248":0,"249":0,"250":0,"251":0,"252":0,"253":0,"254":0,"255":0,"256":0,"257":0,"258":0,"259":0,"260":0,"261":1,"262":1,"263":0,"264":0,"265":0,"266":0,"267":0,"268":0,"269":0,"270":0,"271":0,"272":0,"273":0,"274":0,"275":0,"276":0,"277":0,"278":0,"279":0,"280":1,"281":1,"282":1,"283":1,"284":1,"285":1},"f":{"0":0,"1":0,"2":0,"3":1,"4":1,"5":1,"6":0,"7":13,"8":0,"9":0,"10":0,"11":0,"12":0,"13":0,"14":0,"15":2,"16":6,"17":0,"18":0,"19":0,"20":0,"21":0,"22":0,"23":0,"24":0,"25":0,"26":0,"27":0,"28":0,"29":0,"30":0,"31":0,"32":0,"33":1,"34":0,"35":0,"36":0,"37":2,"38":0,"39":0,"40":0,"41":0,"42":0,"43":0,"44":0,"45":0,"46":0,"47":0,"48":0,"49":0,"50":0,"51":0,"52":0,"53":0,"54":0,"55":0,"56":2,"57":0,"58":0,"59":0,"60":0,"61":1,"62":1,"63":1,"64":1,"65":1,"66":1,"67":0,"68":0,"69":0,"70":1,"71":0,"72":0,"73":0},"b":{"0":[0,0],"1":[0,0],"2":[0,0],"3":[0,0,0,0],"4":[0,1],"5":[1,1],"6":[1,0],"7":[1,0],"8":[1,0],"9":[1,0],"10":[1,0],"11":[0,0],"12":[0,0],"13":[0,0],"14":[1,1],"15":[1,1,1,1],"16":[0,0],"17":[0,0],"18":[0,0,0],"19":[0,0],"20":[0,0],"21":[0,0],"22":[0,0],"23":[0,0],"24":[0,0],"25":[0,0],"26":[0,0],"27":[0,0],"28":[0,0],"29":[0,0],"30":[0,0],"31":[0,0],"32":[0,0],"33":[0,0],"34":[0,0],"35":[0,0],"36":[0,0],"37":[0,0],"38":[0,0],"39":[0,0],"40":[0,0],"41":[0,0],"42":[0,0],"43":[0,0],"44":[0,0],"45":[1,0],"46":[1,0],"47":[0,0],"48":[0,0],"49":[0,0],"50":[0,0],"51":[0,0,0],"52":[0,0],"53":[2,0],"54":[0,0],"55":[0,0],"56":[0,0],"57":[0,0],"58":[0,0],"59":[0,0,0,0],"60":[0,0],"61":[0,0],"62":[0,0],"63":[0,0],"64":[0,0],"65":[0,0],"66":[0,0],"67":[0,0],"68":[0,0],"69":[0,0],"70":[0,0],"71":[0,0],"72":[0,0],"73":[0,0],"74":[0,0,0],"75":[0,0,0,0,0,0],"76":[0,0],"77":[0,0],"78":[0,0],"79":[0,0],"80":[0,0],"81":[0,0],"82":[0,0,0],"83":[0,0],"84":[0,0],"85":[0,0],"86":[0,0],"87":[0,0],"88":[0,1],"89":[2,2],"90":[2,0],"91":[1,0],"92":[0,1],"93":[0,0,0,0,0,0,0],"94":[0,0,0,0,0],"95":[0,0]},"inputSourceMap":{"version":3,"names":["userControllers","req","res","bcrypt","hash","body","password","getRole","role","newUser","full_name","email","roleId","id","phone_number","createUser","user","status","json","message","error","compareSync","token","getToken","title","user_id","userController"],"sourceRoot":"/home/tuyizere/Documents/GitHub/e-commerce-backend/src/controllers/","sources":["user.controller.js"],"sourcesContent":["import { createUser } from \"../services/user.services\";\nimport bcrypt from \"bcryptjs\";\nimport { getRole } from \"../services/role.services\";\nimport { getToken } from \"../util/token\";\n\nexport class userControllers {\n  async registerUser(req, res) {\n    try {\n      const password = await bcrypt.hash(req.body.password, 12);\n      const role = await getRole();\n      const newUser = {\n        full_name: req.body.full_name,\n        email: req.body.email,\n        password: password,\n        roleId: role.id,\n        phone_number: req.body.phone_number,\n      };\n      const user = await createUser(newUser);\n      return res.status(201).json({\n        message: `SignUp successfully`,\n        user: user,\n      });\n    } catch (err) {\n      return res.status(500).json({\n        message: \"Error while registering user\",\n        error: err.message,\n      });\n    }\n  }\n\n  async login(req, res) {\n    try {\n      const { password } = req.body;\n      const user = req.user;\n      if (!bcrypt.compareSync(password, user.password)) {\n        return res.status(401).json({\n          message: \"Password does not match\",\n        });\n      }\n      const token = getToken({ id: user.id, role: user.role.title });\n      return res.status(200).json({\n        token: token,\n        user: {\n          user_id: user.id,\n          full_name: user.full_name,\n          email: user.email,\n          phone_number: user.phone_number,\n          role: user.role.title,\n        },\n      });\n    } catch (error) {\n      res.status(500).json({\n        message: \"Error occured while logged in, try Again\",\n        error: error.message,\n      });\n    }\n  }\n}\n\nconst userController = new userControllers();\nexport default userController;\n"],"mappings":";;;;;;;AAAA;AACA;AACA;AACA;AAAyC;AAAA,+CAFzC;AAAA;AAAA;AAAA;AAAA;AAAA;AAAA,IAIaA,eAAe;EAAA;IAAA;EAAA;EAAA;IAAA;IAAA;MAAA,+EAC1B,iBAAmBC,GAAG,EAAEC,GAAG;QAAA;QAAA;UAAA;YAAA;cAAA;gBAAA;gBAAA;gBAAA,OAEAC,oBAAM,CAACC,IAAI,CAACH,GAAG,CAACI,IAAI,CAACC,QAAQ,EAAE,EAAE,CAAC;cAAA;gBAAnDA,QAAQ;gBAAA;gBAAA,OACK,IAAAC,aAAO,GAAE;cAAA;gBAAtBC,IAAI;gBACJC,OAAO,GAAG;kBACdC,SAAS,EAAET,GAAG,CAACI,IAAI,CAACK,SAAS;kBAC7BC,KAAK,EAAEV,GAAG,CAACI,IAAI,CAACM,KAAK;kBACrBL,QAAQ,EAAEA,QAAQ;kBAClBM,MAAM,EAAEJ,IAAI,CAACK,EAAE;kBACfC,YAAY,EAAEb,GAAG,CAACI,IAAI,CAACS;gBACzB,CAAC;gBAAA;gBAAA,OACkB,IAAAC,gBAAU,EAACN,OAAO,CAAC;cAAA;gBAAhCO,IAAI;gBAAA,iCACHd,GAAG,CAACe,MAAM,CAAC,GAAG,CAAC,CAACC,IAAI,CAAC;kBAC1BC,OAAO,uBAAuB;kBAC9BH,IAAI,EAAEA;gBACR,CAAC,CAAC;cAAA;gBAAA;gBAAA;gBAAA,iCAEKd,GAAG,CAACe,MAAM,CAAC,GAAG,CAAC,CAACC,IAAI,CAAC;kBAC1BC,OAAO,EAAE,8BAA8B;kBACvCC,KAAK,EAAE,YAAID;gBACb,CAAC,CAAC;cAAA;cAAA;gBAAA;YAAA;UAAA;QAAA;MAAA,CAEL;MAAA;QAAA;MAAA;MAAA;IAAA;EAAA;IAAA;IAAA;MAAA,wEAED,kBAAYlB,GAAG,EAAEC,GAAG;QAAA;QAAA;UAAA;YAAA;cAAA;gBAAA;gBAERI,QAAQ,GAAKL,GAAG,CAACI,IAAI,CAArBC,QAAQ;gBACVU,IAAI,GAAGf,GAAG,CAACe,IAAI;gBAAA,IAChBb,oBAAM,CAACkB,WAAW,CAACf,QAAQ,EAAEU,IAAI,CAACV,QAAQ,CAAC;kBAAA;kBAAA;gBAAA;gBAAA,kCACvCJ,GAAG,CAACe,MAAM,CAAC,GAAG,CAAC,CAACC,IAAI,CAAC;kBAC1BC,OAAO,EAAE;gBACX,CAAC,CAAC;cAAA;gBAEEG,KAAK,GAAG,IAAAC,eAAQ,EAAC;kBAAEV,EAAE,EAAEG,IAAI,CAACH,EAAE;kBAAEL,IAAI,EAAEQ,IAAI,CAACR,IAAI,CAACgB;gBAAM,CAAC,CAAC;gBAAA,kCACvDtB,GAAG,CAACe,MAAM,CAAC,GAAG,CAAC,CAACC,IAAI,CAAC;kBAC1BI,KAAK,EAAEA,KAAK;kBACZN,IAAI,EAAE;oBACJS,OAAO,EAAET,IAAI,CAACH,EAAE;oBAChBH,SAAS,EAAEM,IAAI,CAACN,SAAS;oBACzBC,KAAK,EAAEK,IAAI,CAACL,KAAK;oBACjBG,YAAY,EAAEE,IAAI,CAACF,YAAY;oBAC/BN,IAAI,EAAEQ,IAAI,CAACR,IAAI,CAACgB;kBAClB;gBACF,CAAC,CAAC;cAAA;gBAAA;gBAAA;gBAEFtB,GAAG,CAACe,MAAM,CAAC,GAAG,CAAC,CAACC,IAAI,CAAC;kBACnBC,OAAO,EAAE,0CAA0C;kBACnDC,KAAK,EAAE,aAAMD;gBACf,CAAC,CAAC;cAAC;cAAA;gBAAA;YAAA;UAAA;QAAA;MAAA,CAEN;MAAA;QAAA;MAAA;MAAA;IAAA;EAAA;EAAA;AAAA;AAAA;AAGH,IAAMO,cAAc,GAAG,IAAI1B,eAAe,EAAE;AAAC,eAC9B0B,cAAc;AAAA"},"_coverageSchema":"1a1c01bbd47fc00a2c39e90264f33305004495a9","hash":"e077a7c7bdb83d8b7920c6bbf4cfd93e48bd17bf","contentHash":"3bc2aebdb5d07cb336aed22eac1de0ded3c25528fe1216e011528a3136edc2fc"},"/home/tuyizere/Documents/GitHub/e-commerce-backend/src/services/user.services.js":{"path":"/home/tuyizere/Documents/GitHub/e-commerce-backend/src/services/user.services.js","statementMap":{"0":{"start":{"line":3,"column":51},"end":{"line":3,"column":334}},"1":{"start":{"line":3,"column":153},"end":{"line":3,"column":171}},"2":{"start":{"line":3,"column"
[...]
:10,"column":5709}},{"start":{"line":10,"column":5714},"end":{"line":10,"column":5766}}],"line":10},"42":{"loc":{"start":{"line":10,"column":5845},"end":{"line":10,"column":5867}},"type":"binary-expr","locations":[{"start":{"line":10,"column":5845},"end":{"line":10,"column":5861}},{"start":{"line":10,"column":5865},"end":{"line":10,"column":5867}}],"line":10},"43":{"loc":{"start":{"line":10,"column":6100},"end":{"line":10,"column":6550}},"type":"if","locations":[{"start":{"line":10,"column":6100},"end":{"line":10,"column":6550}},{"start":{"line":10,"column":6100},"end":{"line":10,"column":6550}}],"line":10},"44":{"loc":{"start":{"line":10,"column":6163},"end":{"line":10,"column":6220}},"type":"if","locations":[{"start":{"line":10,"column":6163},"end":{"line":10,"column":6220}},{"start":{"line":10,"column":6163},"end":{"line":10,"column":6220}}],"line":10},"45":{"loc":{"start":{"line":10,"column":6221},"end":{"line":10,"column":6277}},"type":"if","locations":[{"start":{"line":10,"column":6221},"end":{"line":10,"column":6277}},{"start":{"line":10,"column":6221},"end":{"line":10,"column":6277}}],"line":10},"46":{"loc":{"start":{"line":10,"column":6278},"end":{"line":10,"column":6548}},"type":"if","locations":[{"start":{"line":10,"column":6278},"end":{"line":10,"column":6548}},{"start":{"line":10,"column":6278},"end":{"line":10,"column":6548}}],"line":10},"47":{"loc":{"start":{"line":10,"column":6379},"end":{"line":10,"column":6463}},"type":"if","locations":[{"start":{"line":10,"column":6379},"end":{"line":10,"column":6463}},{"start":{"line":10,"column":6379},"end":{"line":10,"column":6463}}],"line":10},"48":{"loc":{"start":{"line":10,"column":7080},"end":{"line":10,"column":7129}},"type":"binary-expr","locations":[{"start":{"line":10,"column":7080},"end":{"line":10,"column":7107}},{"start":{"line":10,"column":7111},"end":{"line":10,"column":7129}}],"line":10},"49":{"loc":{"start":{"line":10,"column":7138},"end":{"line":10,"column":7235}},"type":"binary-expr","locations":[{"start":{"line":10,"column":7138},"end":{"line":10,"column":7144}},{"start":{"line":10,"column":7149},"end":{"line":10,"column":7175}},{"start":{"line":10,"column":7179},"end":{"line":10,"column":7234}}],"line":10},"50":{"loc":{"start":{"line":10,"column":7204},"end":{"line":10,"column":7233}},"type":"binary-expr","locations":[{"start":{"line":10,"column":7204},"end":{"line":10,"column":7220}},{"start":{"line":10,"column":7224},"end":{"line":10,"column":7233}}],"line":10},"51":{"loc":{"start":{"line":10,"column":7282},"end":{"line":10,"column":7469}},"type":"cond-expr","locations":[{"start":{"line":10,"column":7306},"end":{"line":10,"column":7363}},{"start":{"line":10,"column":7367},"end":{"line":10,"column":7468}}],"line":10},"52":{"loc":{"start":{"line":10,"column":7830},"end":{"line":10,"column":7879}},"type":"binary-expr","locations":[{"start":{"line":10,"column":7830},"end":{"line":10,"column":7852}},{"start":{"line":10,"column":7857},"end":{"line":10,"column":7878}}],"line":10},"53":{"loc":{"start":{"line":10,"column":7974},"end":{"line":10,"column":8108}},"type":"cond-expr","locations":[{"start":{"line":10,"column":8013},"end":{"line":10,"column":8017}},{"start":{"line":10,"column":8020},"end":{"line":10,"column":8108}}],"line":10},"54":{"loc":{"start":{"line":10,"column":8064},"end":{"line":10,"column":8104}},"type":"cond-expr","locations":[{"start":{"line":10,"column":8078},"end":{"line":10,"column":8090}},{"start":{"line":10,"column":8093},"end":{"line":10,"column":8104}}],"line":10},"55":{"loc":{"start":{"line":10,"column":8511},"end":{"line":10,"column":8576}},"type":"if","locations":[{"start":{"line":10,"column":8511},"end":{"line":10,"column":8576}},{"start":{"line":10,"column":8511},"end":{"line":10,"column":8576}}],"line":10},"56":{"loc":{"start":{"line":10,"column":8722},"end":{"line":10,"column":9061}},"type":"if","locations":[{"start":{"line":10,"column":8722},"end":{"line":10,"column":9061}},{"start":{"line":10,"column":8722},"end":{"line":10,"column":9061}}],"line":10},"57":{"loc":{"start":{"line":10,"column":8955},"end":{"line":10,"column":9058}},"type":"binary-expr","locations":[{"start":{"line":10,"column":8955},"end":{"line":10,"column":8977}},{"start":{"line":10,"column":8981},"end":{"line":10,"column":9004}},{"start":{"line":10,"column":9008},"end":{"line":10,"column":9030}},{"start":{"line":10,"column":9035},"end":{"line":10,"column":9057}}],"line":10},"58":{"loc":{"start":{"line":10,"column":9153},"end":{"line":10,"column":9207}},"type":"if","locations":[{"start":{"line":10,"column":9153},"end":{"line":10,"column":9207}},{"start":{"line":10,"column":9153},"end":{"line":10,"column":9207}}],"line":10},"59":{"loc":{"start":{"line":10,"column":9288},"end":{"line":10,"column":9319}},"type":"if","locations":[{"start":{"line":10,"column":9288},"end":{"line":10,"column":9319}},{"start":{"line":10,"column":9288},"end":{"line":10,"column":9319}}],"line":10},"60":{"loc":{"start":{"line":10,"column":9445},"end":{"line":10,"column":9505}},"type":"binary-expr","locations":[{"start":{"line":10,"column":9445},"end":{"line":10,"column":9451}},{"start":{"line":10,"column":9456},"end":{"line":10,"column":9504}}],"line":10},"61":{"loc":{"start":{"line":10,"column":9634},"end":{"line":10,"column":9684}},"type":"if","locations":[{"start":{"line":10,"column":9634},"end":{"line":10,"column":9684}},{"start":{"line":10,"column":9634},"end":{"line":10,"column":9684}}],"line":10},"62":{"loc":{"start":{"line":10,"column":9685},"end":{"line":10,"column":10221}},"type":"if","locations":[{"start":{"line":10,"column":9685},"end":{"line":10,"column":10221}},{"start":{"line":10,"column":9685},"end":{"line":10,"column":10221}}],"line":10},"63":{"loc":{"start":{"line":10,"column":9812},"end":{"line":10,"column":10219}},"type":"if","locations":[{"start":{"line":10,"column":9812},"end":{"line":10,"column":10219}},{"start":{"line":10,"column":9812},"end":{"line":10,"column":10219}}],"line":10},"64":{"loc":{"start":{"line":10,"column":9816},"end":{"line":10,"column":9838}},"type":"binary-expr","locations":[{"start":{"line":10,"column":9816},"end":{"line":10,"column":9824}},{"start":{"line":10,"column":9828},"end":{"line":10,"column":9838}}],"line":10},"65":{"loc":{"start":{"line":10,"column":9842},"end":{"line":10,"column":9908}},"type":"if","locations":[{"start":{"line":10,"column":9842},"end":{"line":10,"column":9908}},{"start":{"line":10,"column":9842},"end":{"line":10,"column":9908}}],"line":10},"66":{"loc":{"start":{"line":10,"column":9909},"end":{"line":10,"column":9975}},"type":"if","locations":[{"start":{"line":10,"column":9909},"end":{"line":10,"column":9975}},{"start":{"line":10,"column":9909},"end":{"line":10,"column":9975}}],"line":10},"67":{"loc":{"start":{"line":10,"column":9983},"end":{"line":10,"column":10219}},"type":"if","locations":[{"start":{"line":10,"column":9983},"end":{"line":10,"column":10219}},{"start":{"line":10,"column":9983},"end":{"line":10,"column":10219}}],"line":10},"68":{"loc":{"start":{"line":10,"column":9999},"end":{"line":10,"column":10065}},"type":"if","locations":[{"start":{"line":10,"column":9999},"end":{"line":10,"column":10065}},{"start":{"line":10,"column":9999},"end":{"line":10,"column":10065}}],"line":10},"69":{"loc":{"start":{"line":10,"column":10075},"end":{"line":10,"column":10150}},"type":"if","locations":[{"start":{"line":10,"column":10075},"end":{"line":10,"column":10150}},{"start":{"line":10,"column":10075},"end":{"line":10,"column":10150}}],"line":10},"70":{"loc":{"start":{"line":10,"column":10151},"end":{"line":10,"column":10217}},"type":"if","locations":[{"start":{"line":10,"column":10151},"end":{"line":10,"column":10217}},{"start":{"line":10,"column":10151},"end":{"line":10,"column":10217}}],"line":10},"71":{"loc":{"start":{"line":10,"column":10352},"end":{"line":10,"column":10487}},"type":"if","locations":[{"start":{"line":10,"column":10352},"end":{"line":10,"column":10487}},{"start":{"line":10,"column":10352},"end":{"line":10,"column":10487}}],"line":10},"72":{"loc":{"start":{"line":10,"column":10356},"end":{"line":10,"column":10449}},"type":"binary-expr","locations":[{"start":{"line":10,"column":10356},"end":{"line":10,"column":10381}},{"start":{"line":10,"column":10385},"end":{"line":10,"column":10417}},{"start":{"line":10,"column":10421},"end":{"line":10,"column":10449}}],"line":10},"73":{"loc":{"start":{"line":10,"column":10490},"end":{"line":10,"column":10636}},"type":"binary-expr","locations":[{"start":{"line":10,"column":10490},"end":{"line":10,"column":10502}},{"start":{"line":10,"column":10507},"end":{"line":10,"column":10523}},{"start":{"line":10,"column":10527},"end":{"line":10,"column":10546}},{"start":{"line":10,"column":10551},"end":{"line":10,"column":10577}},{"start":{"line":10,"column":10581},"end":{"line":10,"column":10611}},{"start":{"line":10,"column":10616},"end":{"line":10,"column":10635}}],"line":10},"74":{"loc":{"start":{"line":10,"column":10651},"end":{"line":10,"column":10694}},"type":"cond-expr","locations":[{"start":{"line":10,"column":10666},"end":{"line":10,"column":10689}},{"start":{"line":10,"column":10692},"end":{"line":10,"column":10694}}],"line":10},"75":{"loc":{"start":{"line":10,"column":10741},"end":{"line":10,"column":10857}},"type":"cond-expr","locations":[{"start":{"line":10,"column":10757},"end":{"line":10,"column":10832}},{"start":{"line":10,"column":10836},"end":{"line":10,"column":10857}}],"line":10},"76":{"loc":{"start":{"line":10,"column":10910},"end":{"line":10,"column":10956}},"type":"if","locations":[{"start":{"line":10,"column":10910},"end":{"line":10,"column":10956}},{"start":{"line":10,"column":10910},"end":{"line":10,"column":10956}}],"line":10},"77":{"loc":{"start":{"line":10,"column":10964},"end":{"line":10,"column":11215}},"type":"cond-expr","locations":[{"start":{"line":10,"column":11020},"end":{"line":10,"column":11042}},{"start":{"line":10,"column":11045},"end":{"line":10,"column":11215}}],"line":10},"78":{"loc":{"start":{"line":10,"column":10964},"end":{"line":10,"column":11017}},"type":"binary-expr","locations":[{"start":{"line":10,"column":10964},"end":{"line":10,"column":10987}},{"start":{"line":10,"column":10991},"end":{"line":10,"column":11017}}],"line":10},"79":{"loc":{"start":{"line":10,"column":11045},"end":{"line":10,"column":11215}},"type":"cond-expr","locations":[{"start":{"line":10,"column":11073},"end":{"line":10,"column":11149}},{"start":{"line":10,"column":11153},"end":{"line":10,"column":11215}}],"line":10},"80":{"loc":{"start":{"line":10,"column":11153},"end":{"line":10,"column":11215}},"type":"binary-expr","locations":[{"start":{"line":10,"column":11153},"end":{"line":10,"column":11177}},{"start":{"line":10,"column":11181},"end":{"line":10,"column":11189}},{"start":{"line":10,"column":11194},"end":{"line":10,"column":11214}}],"line":10},"81":{"loc":{"start":{"line":10,"column":11364},"end":{"line":10,"column":11496}},"type":"if","locations":[{"start":{"line":10,"column":11364},"end":{"line":10,"column":11496}},{"start":{"line":10,"column":11364},"end":{"line":10,"column":11496}}],"line":10},"82":{"loc":{"start":{"line":10,"column":11625},"end":{"line":10,"column":11783}},"type":"if","locations":[{"start":{"line":10,"column":11625},"end":{"line":10,"column":11783}},{"start":{"line":10,"column":11625},"end":{"line":10,"column":11783}}],"line":10},"83":{"loc":{"start":{"line":10,"column":11687},"end":{"line":10,"column":11766}},"type":"if","locations":[{"start":{"line":10,"column":11687},"end":{"line":10,"column":11766}},{"start":{"line":10,"column":11687},"end":{"line":10,"column":11766}}],"line":10},"84":{"loc":{"start":{"line":10,"column":11999},"end":{"line":10,"column":12047}},"type":"binary-expr","locations":[{"start":{"line":10,"column":11999},"end":{"line":10,"column":12021}},{"start":{"line":10,"column":12026},"end":{"line":10,"column":12046}}],"line":10},"85":{"loc":{"start":{"line":11,"column":44},"end":{"line":11,"column":195}},"type":"if","locations":[{"start":{"line":11,"column":44},"end":{"line":11,"column":195}},{"start":{"line":11,"column":44},"end":{"line":11,"column":195}}],"line":11},"86":{"loc":{"start":{"line":12,"column":176},"end":{"line":12,"column":263}},"type":"if","locations":[{"start":{"line":12,"column":176},"end":{"line":12,"column":263}},{"start":{"line":12,"column":176},"end":{"line":12,"column":263}}],"line":12},"87":{"loc":{"start":{"line":19,"column":8},"end":{"line":45,"column":9}},"type":"switch","locations":[{"start":{"line":20,"column":10},"end":{"line":29,"column":15}},{"start":{"line":30,"column":10},"end":{"line":39,"column":52}},{"start":{"line":40,"column":10},"end":{"line":41,"column":19}},{"start":{"line":42,"column":10},"end":{"line":42,"column":17}},{"start":{"line":43,"column":10},"end":{"line":44,"column":35}}],"line":19},"88":{"loc":{"start":{"line":32,"column":12},"end":{"line":35,"column":13}},"type":"if","locations":[{"start":{"line":32,"column":12},"end":{"line":35,"column":13}},{"start":{"line":32,"column":12},"end":{"line":35,"column":13}}],"line":32},"89":{"loc":{"start":{"line":59,"column":8},"end":{"line":90,"column":9}},"type":"switch","locations":[{"start":{"line":60,"column":10},"end":{"line":73,"column":15}},{"start":{"line":74,"column":10},"end":{"line":83,"column":53}},{"start":{"line":84,"column":10},"end":{"line":86,"column":19}},{"start":{"line":87,"column":10},"end":{"line":87,"column":17}},{"start":{"line":88,"column":10},"end":{"line":89,"column":36}}],"line":59},"90":{"loc":{"start":{"line":76,"column":12},"end":{"line":79,"column":13}},"type":"if","locations":[{"start":{"line":76,"column":12},"end":{"line":79,"column":13}},{"start":{"line":76,"column":12},"end":{"line":79,"column":13}}],"line":76}},"s":{"0":0,"1":0,"2":0,"3":1,"4":1,"5":1,"6":1,"7":1,"8":1,"9":1,"10":1,"11":1,"12":1,"13":0,"14":1,"15":1,"16":1,"17":1,"18":13,"19":1,"20":1,"21":0,"22":0,"23":0,"24":0,"25":0,"26":0,"27":0,"28":0,"29":0,"30":1,"31":1,"32":1,"33":1,"34":0,"35":1,"36":1,"37":1,"38":1,"39":2,"40":6,"41":0,"42":0,"43":0,"44":0,"45":0,"46":0,"47":0,"48":0,"49":0,"50":0,"51":0,"52":0,"53":0,"54":0,"55":0,"56":0,"57":0,"58":0,"59":0,"60":0,"61":0,"62":0,"63":0,"64":0,"65":0,"66":0,"67":0,"68":0,"69":0,"70":0,"71":0,"72":0,"73":0,"74":0,"75":0,"76":0,"77":0,"78":0,"79":0,"80":0,"81":0,"82":0,"83":0,"84":0,"85":0,"86":0,"87":0,"88":0,"89":0,"90":0,"91":0,"92":0,"93":0,"94":0,"95":0,"96":0,"97":0,"98":0,"99":0,"100":0,"101":0,"102":0,"103":1,"104":1,"105":1,"106":1,"107":0,"108":0,"109":0,"110":0,"111":0,"112":0,"113":0,"114":0,"115":0,"116":0,"117":0,"118":0,"119":1,"120":0,"121":0,"122":2,"123":0,"124":0,"125":0,"126":0,"127":0,"128":0,"129":0,"130":0,"131":0,"132":0,"133":0,"134":0,"135":0,"136":0,"137":0,"138":0,"139":0,"140":0,"141":0,"142":0,"143":0,"144":0,"145":0,"146":0,"147":0,"148":0,"149":0,"150":0,"151":0,"152":0,"153":0,"154":0,"155":0,"156":0,"157":0,"158":0,"159":0,"160":0,"161":0,"162":0,"163":0,"164":0,"165":0,"166":0,"167":0,"168":0,"169":0,"170":0,"171":0,"172":0,"173":0,"174":0,"175":0,"176":0,"177":0,"178":0,"179":0,"180":0,"181":0,"182":0,"183":0,"184":0,"185":0,"186":0,"187":0,"188":0,"189":0,"190":0,"191":0,"192":0,"193":0,"194":0,"195":0,"196":0,"197":0,"198":0,"199":0,"200":0,"201":0,"202":0,"203":0,"204":0,"205":0,"206":0,"207":0,"208":0,"209":0,"210":0,"211":0,"212":0,"213":0,"214":2,"215":0,"216":0,"217":0,"218":0,"219":0,"220":0,"221":0,"222":1,"223":1,"224":0,"225":0,"226":0,"227":0,"228":0,"229":0,"230":0,"231":0,"232":0,"233":0,"234":0,"235":0,"236":0,"237":0,"238":1,"239":0,"240":1,"241":1,"242":1,"243":0,"244":0,"245":0,"246":0,"247":0,"248":0,"249":0,"250":0,"251":0,"252":0,"253":0,"254":0,"255":0,"256":0,"257":0,"258":1,"259":0,"260":1},"f":{"0":0,"1":0,"2":0,"3":1,"4":1,"5":0,"6":13,"7":0,"8":0,"9":0,"10":0,"11":0,"12":0,"13":0,"14":2,"15":6,"16":0,"17":0,"18":0,"19":0,"20":0,"21":0,"22":0,"23":0,"24":0,"25":0,"26":0,"27":0,"28":0,"29":0,"30":0,"31":0,"32":1,"33":0,"34":0,"35":0,"36":2,"37":0,"38":0,"39":0,"40":0,"41":0,"42":0,"43":0,"44":0,"45":0,"46":0,"47":0,"48":0,"49":0,"50":0,"51":0,"52":0,"53":0,"54":0,"55":0,"56":2,"57":0,"58":0,"59":0,"60":0,"61":1,"62":0,"63":0,"64":0,"65":1,"66":0,"67":0,"68":0},"b":{"0":[0,0],"1":[0,0],"2":[0,0],"3":[0,0,0,0],"4":[1,0],"5":[1,0],"6":[1,0],"7":[1,0],"8":[1,0],"9":[0,0],"10":[0,0],"11":[0,0],"12":[1,1],"13":[1,1,1,1],"14":[0,0],"15":[0,0],"16":[0,0,0],"17":[0,0],"18":[0,0],"19":[0,0],"20":[0,0],"21":[0,0],"22":[0,0],"23":[0,0],"24":[0,0],"25":[0,0],"26":[0,0],"27":[0,0],"28":[0,0],"29":[0,0],"30":[0,0],"31":[0,0],"32":[0,0],"33":[0,0],"34":[0,0],"35":[0,0],"36":[0,0],"37":[0,0],"38":[0,0],"39":[0,0],"40":[0,0],"41":[0,0],"42":[0,0],"43":[1,0],"44":[1,0],"45":[0,0],"46":[0,0],"47":[0,0],"48":[0,0],"49":[0,0,0],"50":[0,0],"51":[2,0],"52":[0,0],"53":[0,0],"54":[0,0],"55":[0,0],"56":[0,0],"57":[0,0,0,0],"58":[0,0],"59":[0,0],"60":[0,0],"61":[0,0],"62":[0,0],"63":[0,0],"64":[0,0],"65":[0,0],"66":[0,0],"67":[0,0],"68":[0,0],"69":[0,0],"70":[0,0],"71":[0,0],"72":[0,0,0],"73":[0,0,0,0,0,0],"74":[0,0],"75":[0,0],"76":[0,0],"77":[0,0],"78":[0,0],"79":[0,0],"80":[0,0,0],"81":[0,0],"82":[0,0],"83":[0,0],"84":[0,0],"85":[0,0],"86":[0,0],"87":[0,0,0,0,0],"88":[0,0],"89":[0,0,0,0,0],"90":[0,0]},"inputSourceMap":{"version":3,"names":["checkUserExistByPhone","req","res","next","phone_number","body","User","findOne","where","Op","and","is_active","user","status","json","message","checkUserExist","include","model","Role","as"],"sourceRoot":"/home/tuyizere/Documents/GitHub/e-commerce-backend/src/middleware/","sources":["user.middleware.js"],"sourcesContent":["import { User, Role } from \"../database/models\";\nimport { Op } from \"sequelize\";\n\nexport const checkUserExistByPhone = async (req, res, next) => {\n  const { phone_number } = req.body;\n  const user = await User.findOne({\n    where: {\n      [Op.and]: [{ phone_number }, { is_active: true }],\n    },\n  });\n  if (user) {\n    res.status(404).json({\n      message: \"User already exist\",\n    });\n    return false;\n  }\n  next();\n};\n\nexport const checkUserExist = async (req, res, next) => {\n  const { phone_number } = req.body;\n  const user = await User.findOne({\n    where: {\n      [Op.and]: [{ phone_number }, { is_active: true }],\n    },\n    include: [\n      {\n        model: Role,\n        as: \"role\",\n      },\n    ],\n  });\n  if (!user) {\n    res.status(404).json({\n      message: \"User doesn't exist, Please contact admin for support\",\n    });\n    return false;\n  }\n  req.user = user;\n  next();\n};\n"],"mappings":";;;;;;;AAAA;AACA;AAA+B,+CAA/B;AAAA;AAAA;AAAA;AAEO,IAAMA,qBAAqB;EAAA,sEAAG,iBAAOC,GAAG,EAAEC,GAAG,EAAEC,IAAI;IAAA;IAAA;MAAA;QAAA;UAAA;YAChDC,YAAY,GAAKH,GAAG,CAACI,IAAI,CAAzBD,YAAY;YAAA;YAAA,OACDE,YAAI,CAACC,OAAO,CAAC;cAC9BC,KAAK,sBACFC,aAAE,CAACC,GAAG,EAAG,CAAC;gBAAEN,YAAY,EAAZA;cAAa,CAAC,EAAE;gBAAEO,SAAS,EAAE;cAAK,CAAC,CAAC;YAErD,CAAC,CAAC;UAAA;YAJIC,IAAI;YAAA,KAKNA,IAAI;cAAA;cAAA;YAAA;YACNV,GAAG,CAACW,MAAM,CAAC,GAAG,CAAC,CAACC,IAAI,CAAC;cACnBC,OAAO,EAAE;YACX,CAAC,CAAC;YAAC,iCACI,KAAK;UAAA;YAEdZ,IAAI,EAAE;UAAC;UAAA;YAAA;QAAA;MAAA;IAAA;EAAA,CACR;EAAA,gBAdYH,qBAAqB;IAAA;EAAA;AAAA,GAcjC;AAAC;AAEK,IAAMgB,cAAc;EAAA,uEAAG,kBAAOf,GAAG,EAAEC,GAAG,EAAEC,IAAI;IAAA;IAAA;MAAA;QAAA;UAAA;YACzCC,YAAY,GAAKH,GAAG,CAACI,IAAI,CAAzBD,YAAY;YAAA;YAAA,OACDE,YAAI,CAACC,OAAO,CAAC;cAC9BC,KAAK,sBACFC,aAAE,CAACC,GAAG,EAAG,CAAC;gBAAEN,YAAY,EAAZA;cAAa,CAAC,EAAE;gBAAEO,SAAS,EAAE;cAAK,CAAC,CAAC,CAClD;cACDM,OAAO,EAAE,CACP;gBACEC,KAAK,EAAEC,YAAI;gBACXC,EAAE,EAAE;cACN,CAAC;YAEL,CAAC,CAAC;UAAA;YAVIR,IAAI;YAAA,IAWLA,IAAI;cAAA;cAAA;YAAA;YACPV,GAAG,CAACW,MAAM,CAAC,GAAG,CAAC,CAACC,IAAI,CAAC;cACnBC,OAAO,EAAE;YACX,CAAC,CAAC;YAAC,kCACI,KAAK;UAAA;YAEdd,GAAG,CAACW,IAAI,GAAGA,IAAI;YACfT,IAAI,EAAE;UAAC;UAAA;YAAA;QAAA;MAAA;IAAA;EAAA,CACR;EAAA,gBArBYa,cAAc;IAAA;EAAA;AAAA,GAqB1B;AAAC"},"_coverageSchema":"1a1c01bbd47fc00a2c39e90264f33305004495a9","hash":"b867163ffb279222c70816f823d859dd4326eca6","contentHash":"0e039bf5908a0e65c7331265b19d78c2d3503feffd3c989d741bbf11069dc77f"}}